<?xml version="1.0" encoding="utf-8" standalone="no"?>
<test-results xmlns:xsi="http://www.w3.org/2001/XMLSchema-instance" xsi:noNamespaceSchemaLocation="nunit_schema_2.5.xsd" name="Pester" total="881" errors="0" failures="0" not-run="0" inconclusive="0" ignored="0" skipped="0" invalid="0" date="2020-04-29" time="16:18:00">
  <environment user-domain="fv-az379" platform="Microsoft Windows Server 2016 Datacenter|C:\windows|\Device\Harddisk0\Partition2" nunit-version="2.5.8.0" machine-name="fv-az379" os-version="10.0.14393" cwd="D:\a\1\s" user="VssAdministrator" clr-version="Unknown" />
  <culture-info current-culture="en-US" current-uiculture="en-US" />
  <test-suite type="TestFixture" name="Pester" executed="True" result="Success" success="True" time="16.5663" asserts="0" description="Pester">
    <results>
      <test-suite type="TestFixture" name="D:\a\1\s\PowerShell\JumpCloud Module\Tests\ModuleValidation\FunctionFiles.Tests.ps1" executed="True" result="Success" success="True" time="15.0081" asserts="0" description="D:\a\1\s\PowerShell\JumpCloud Module\Tests\ModuleValidation\FunctionFiles.Tests.ps1">
        <results>
          <test-suite type="TestFixture" name="Function Format Tests" executed="True" result="Success" success="True" time="14.9579" asserts="0" description="Function Format Tests">
            <results>
              <test-suite type="TestFixture" name="Test that the file name matches the function name" executed="True" result="Success" success="True" time="0.3147" asserts="0" description="Test that the file name matches the function name">
                <results>
                  <test-case description="When FileBaseName &quot;Add-JCAssociation&quot; equal Function &quot;Add-JCAssociation&quot; for file &quot;Add-JCAssociation.ps1&quot;" name="Function Format Tests.Test that the file name matches the function name.When FileBaseName &quot;Add-JCAssociation&quot; equal Function &quot;Add-JCAssociation&quot; for file &quot;Add-JCAssociation.ps1&quot;" time="0.0592" asserts="0" success="True" result="Success" executed="True" />
                  <test-case description="When FileBaseName &quot;Add-JCAssociation&quot; equal MatchValue &quot;Add-JCAssociation&quot; for file &quot;Add-JCAssociation.ps1&quot;" name="Function Format Tests.Test that the file name matches the function name.When FileBaseName &quot;Add-JCAssociation&quot; equal MatchValue &quot;Add-JCAssociation&quot; for file &quot;Add-JCAssociation.ps1&quot;" time="0.0031" asserts="0" success="True" result="Success" executed="True" />
                </results>
              </test-suite>
              <test-suite type="TestFixture" name="Test for missing information" executed="True" result="Success" success="True" time="0.0377" asserts="0" description="Test for missing information">
                <results>
                  <test-case description="When FileName &quot;Add-JCAssociation.ps1&quot; does not contain any functions" name="Function Format Tests.Test for missing information.When FileName &quot;Add-JCAssociation.ps1&quot; does not contain any functions" time="0.0069" asserts="0" success="True" result="Success" executed="True" />
                </results>
              </test-suite>
              <test-suite type="TestFixture" name="Test for multiple functions per file" executed="True" result="Success" success="True" time="0.0542" asserts="0" description="Test for multiple functions per file">
                <results>
                  <test-case description="When FileName &quot;Add-JCAssociation.ps1&quot; has exactly 1 function" name="Function Format Tests.Test for multiple functions per file.When FileName &quot;Add-JCAssociation.ps1&quot; has exactly 1 function" time="0.0243" asserts="0" success="True" result="Success" executed="True" />
                </results>
              </test-suite>
              <test-suite type="TestFixture" name="Test that Connect-JCOnline exists in each Public function" executed="True" result="Success" success="True" time="0.0335" asserts="0" description="Test that Connect-JCOnline exists in each Public function">
                <results>
                  <test-case description="When FileName &quot;Add-JCAssociation.ps1&quot; does not contain &quot;Connect-JCOnline&quot;" name="Function Format Tests.Test that Connect-JCOnline exists in each Public function.When FileName &quot;Add-JCAssociation.ps1&quot; does not contain &quot;Connect-JCOnline&quot;" time="0.0049" asserts="0" success="True" result="Success" executed="True" />
                </results>
              </test-suite>
              <test-suite type="TestFixture" name="Test that the file name matches the function name" executed="True" result="Success" success="True" time="0.0377" asserts="0" description="Test that the file name matches the function name">
                <results>
                  <test-case description="When FileBaseName &quot;Copy-JCAssociation&quot; equal Function &quot;Copy-JCAssociation&quot; for file &quot;Copy-JCAssociation.ps1&quot;" name="Function Format Tests.Test that the file name matches the function name.When FileBaseName &quot;Copy-JCAssociation&quot; equal Function &quot;Copy-JCAssociation&quot; for file &quot;Copy-JCAssociation.ps1&quot;" time="0.0026" asserts="0" success="True" result="Success" executed="True" />
                  <test-case description="When FileBaseName &quot;Copy-JCAssociation&quot; equal MatchValue &quot;Copy-JCAssociation&quot; for file &quot;Copy-JCAssociation.ps1&quot;" name="Function Format Tests.Test that the file name matches the function name.When FileBaseName &quot;Copy-JCAssociation&quot; equal MatchValue &quot;Copy-JCAssociation&quot; for file &quot;Copy-JCAssociation.ps1&quot;" time="0.0031" asserts="0" success="True" result="Success" executed="True" />
                </results>
              </test-suite>
              <test-suite type="TestFixture" name="Test for missing information" executed="True" result="Success" success="True" time="0.0345" asserts="0" description="Test for missing information">
                <results>
                  <test-case description="When FileName &quot;Copy-JCAssociation.ps1&quot; does not contain any functions" name="Function Format Tests.Test for missing information.When FileName &quot;Copy-JCAssociation.ps1&quot; does not contain any functions" time="0.002" asserts="0" success="True" result="Success" executed="True" />
                </results>
              </test-suite>
              <test-suite type="TestFixture" name="Test for multiple functions per file" executed="True" result="Success" success="True" time="0.0329" asserts="0" description="Test for multiple functions per file">
                <results>
                  <test-case description="When FileName &quot;Copy-JCAssociation.ps1&quot; has exactly 1 function" name="Function Format Tests.Test for multiple functions per file.When FileName &quot;Copy-JCAssociation.ps1&quot; has exactly 1 function" time="0.005" asserts="0" success="True" result="Success" executed="True" />
                </results>
              </test-suite>
              <test-suite type="TestFixture" name="Test that Connect-JCOnline exists in each Public function" executed="True" result="Success" success="True" time="0.0302" asserts="0" description="Test that Connect-JCOnline exists in each Public function">
                <results>
                  <test-case description="When FileName &quot;Copy-JCAssociation.ps1&quot; does not contain &quot;Connect-JCOnline&quot;" name="Function Format Tests.Test that Connect-JCOnline exists in each Public function.When FileName &quot;Copy-JCAssociation.ps1&quot; does not contain &quot;Connect-JCOnline&quot;" time="0.0025" asserts="0" success="True" result="Success" executed="True" />
                </results>
              </test-suite>
              <test-suite type="TestFixture" name="Test that the file name matches the function name" executed="True" result="Success" success="True" time="0.0604" asserts="0" description="Test that the file name matches the function name">
                <results>
                  <test-case description="When FileBaseName &quot;Get-JCAssociation&quot; equal Function &quot;Get-JCAssociation&quot; for file &quot;Get-JCAssociation.ps1&quot;" name="Function Format Tests.Test that the file name matches the function name.When FileBaseName &quot;Get-JCAssociation&quot; equal Function &quot;Get-JCAssociation&quot; for file &quot;Get-JCAssociation.ps1&quot;" time="0.0024" asserts="0" success="True" result="Success" executed="True" />
                  <test-case description="When FileBaseName &quot;Get-JCAssociation&quot; equal MatchValue &quot;Get-JCAssociation&quot; for file &quot;Get-JCAssociation.ps1&quot;" name="Function Format Tests.Test that the file name matches the function name.When FileBaseName &quot;Get-JCAssociation&quot; equal MatchValue &quot;Get-JCAssociation&quot; for file &quot;Get-JCAssociation.ps1&quot;" time="0.0024" asserts="0" success="True" result="Success" executed="True" />
                </results>
              </test-suite>
              <test-suite type="TestFixture" name="Test for missing information" executed="True" result="Success" success="True" time="0.03" asserts="0" description="Test for missing information">
                <results>
                  <test-case description="When FileName &quot;Get-JCAssociation.ps1&quot; does not contain any functions" name="Function Format Tests.Test for missing information.When FileName &quot;Get-JCAssociation.ps1&quot; does not contain any functions" time="0.0021" asserts="0" success="True" result="Success" executed="True" />
                </results>
              </test-suite>
              <test-suite type="TestFixture" name="Test for multiple functions per file" executed="True" result="Success" success="True" time="0.0319" asserts="0" description="Test for multiple functions per file">
                <results>
                  <test-case description="When FileName &quot;Get-JCAssociation.ps1&quot; has exactly 1 function" name="Function Format Tests.Test for multiple functions per file.When FileName &quot;Get-JCAssociation.ps1&quot; has exactly 1 function" time="0.0041" asserts="0" success="True" result="Success" executed="True" />
                </results>
              </test-suite>
              <test-suite type="TestFixture" name="Test that Connect-JCOnline exists in each Public function" executed="True" result="Success" success="True" time="0.0277" asserts="0" description="Test that Connect-JCOnline exists in each Public function">
                <results>
                  <test-case description="When FileName &quot;Get-JCAssociation.ps1&quot; does not contain &quot;Connect-JCOnline&quot;" name="Function Format Tests.Test that Connect-JCOnline exists in each Public function.When FileName &quot;Get-JCAssociation.ps1&quot; does not contain &quot;Connect-JCOnline&quot;" time="0.002" asserts="0" success="True" result="Success" executed="True" />
                </results>
              </test-suite>
              <test-suite type="TestFixture" name="Test that the file name matches the function name" executed="True" result="Success" success="True" time="0.0493" asserts="0" description="Test that the file name matches the function name">
                <results>
                  <test-case description="When FileBaseName &quot;Remove-JCAssociation&quot; equal Function &quot;Remove-JCAssociation&quot; for file &quot;Remove-JCAssociation.ps1&quot;" name="Function Format Tests.Test that the file name matches the function name.When FileBaseName &quot;Remove-JCAssociation&quot; equal Function &quot;Remove-JCAssociation&quot; for file &quot;Remove-JCAssociation.ps1&quot;" time="0.0023" asserts="0" success="True" result="Success" executed="True" />
                  <test-case description="When FileBaseName &quot;Remove-JCAssociation&quot; equal MatchValue &quot;Remove-JCAssociation&quot; for file &quot;Remove-JCAssociation.ps1&quot;" name="Function Format Tests.Test that the file name matches the function name.When FileBaseName &quot;Remove-JCAssociation&quot; equal MatchValue &quot;Remove-JCAssociation&quot; for file &quot;Remove-JCAssociation.ps1&quot;" time="0.0023" asserts="0" success="True" result="Success" executed="True" />
                </results>
              </test-suite>
              <test-suite type="TestFixture" name="Test for missing information" executed="True" result="Success" success="True" time="0.0377" asserts="0" description="Test for missing information">
                <results>
                  <test-case description="When FileName &quot;Remove-JCAssociation.ps1&quot; does not contain any functions" name="Function Format Tests.Test for missing information.When FileName &quot;Remove-JCAssociation.ps1&quot; does not contain any functions" time="0.002" asserts="0" success="True" result="Success" executed="True" />
                </results>
              </test-suite>
              <test-suite type="TestFixture" name="Test for multiple functions per file" executed="True" result="Success" success="True" time="0.0324" asserts="0" description="Test for multiple functions per file">
                <results>
                  <test-case description="When FileName &quot;Remove-JCAssociation.ps1&quot; has exactly 1 function" name="Function Format Tests.Test for multiple functions per file.When FileName &quot;Remove-JCAssociation.ps1&quot; has exactly 1 function" time="0.0045" asserts="0" success="True" result="Success" executed="True" />
                </results>
              </test-suite>
              <test-suite type="TestFixture" name="Test that Connect-JCOnline exists in each Public function" executed="True" result="Success" success="True" time="0.0401" asserts="0" description="Test that Connect-JCOnline exists in each Public function">
                <results>
                  <test-case description="When FileName &quot;Remove-JCAssociation.ps1&quot; does not contain &quot;Connect-JCOnline&quot;" name="Function Format Tests.Test that Connect-JCOnline exists in each Public function.When FileName &quot;Remove-JCAssociation.ps1&quot; does not contain &quot;Connect-JCOnline&quot;" time="0.0024" asserts="0" success="True" result="Success" executed="True" />
                </results>
              </test-suite>
              <test-suite type="TestFixture" name="Test that the file name matches the function name" executed="True" result="Success" success="True" time="0.0381" asserts="0" description="Test that the file name matches the function name">
                <results>
                  <test-case description="When FileBaseName &quot;Connect-JCOnline&quot; equal Function &quot;Connect-JCOnline&quot; for file &quot;Connect-JCOnline.ps1&quot;" name="Function Format Tests.Test that the file name matches the function name.When FileBaseName &quot;Connect-JCOnline&quot; equal Function &quot;Connect-JCOnline&quot; for file &quot;Connect-JCOnline.ps1&quot;" time="0.0026" asserts="0" success="True" result="Success" executed="True" />
                  <test-case description="When FileBaseName &quot;Connect-JCOnline&quot; equal MatchValue &quot;Connect-JCOnline&quot; for file &quot;Connect-JCOnline.ps1&quot;" name="Function Format Tests.Test that the file name matches the function name.When FileBaseName &quot;Connect-JCOnline&quot; equal MatchValue &quot;Connect-JCOnline&quot; for file &quot;Connect-JCOnline.ps1&quot;" time="0.0023" asserts="0" success="True" result="Success" executed="True" />
                </results>
              </test-suite>
              <test-suite type="TestFixture" name="Test for missing information" executed="True" result="Success" success="True" time="0.031" asserts="0" description="Test for missing information">
                <results>
                  <test-case description="When FileName &quot;Connect-JCOnline.ps1&quot; does not contain any functions" name="Function Format Tests.Test for missing information.When FileName &quot;Connect-JCOnline.ps1&quot; does not contain any functions" time="0.0021" asserts="0" success="True" result="Success" executed="True" />
                </results>
              </test-suite>
              <test-suite type="TestFixture" name="Test for multiple functions per file" executed="True" result="Success" success="True" time="0.0377" asserts="0" description="Test for multiple functions per file">
                <results>
                  <test-case description="When FileName &quot;Connect-JCOnline.ps1&quot; has exactly 1 function" name="Function Format Tests.Test for multiple functions per file.When FileName &quot;Connect-JCOnline.ps1&quot; has exactly 1 function" time="0.0046" asserts="0" success="True" result="Success" executed="True" />
                </results>
              </test-suite>
              <test-suite type="TestFixture" name="Test that Connect-JCOnline exists in each Public function" executed="True" result="Success" success="True" time="0.0325" asserts="0" description="Test that Connect-JCOnline exists in each Public function">
                <results>
                  <test-case description="When FileName &quot;Connect-JCOnline.ps1&quot; does not contain &quot;Connect-JCOnline&quot;" name="Function Format Tests.Test that Connect-JCOnline exists in each Public function.When FileName &quot;Connect-JCOnline.ps1&quot; does not contain &quot;Connect-JCOnline&quot;" time="0.0028" asserts="0" success="True" result="Success" executed="True" />
                </results>
              </test-suite>
              <test-suite type="TestFixture" name="Test that the file name matches the function name" executed="True" result="Success" success="True" time="0.0495" asserts="0" description="Test that the file name matches the function name">
                <results>
                  <test-case description="When FileBaseName &quot;Get-JCOrganization&quot; equal Function &quot;Get-JCOrganization&quot; for file &quot;Get-JCOrganization.ps1&quot;" name="Function Format Tests.Test that the file name matches the function name.When FileBaseName &quot;Get-JCOrganization&quot; equal Function &quot;Get-JCOrganization&quot; for file &quot;Get-JCOrganization.ps1&quot;" time="0.004" asserts="0" success="True" result="Success" executed="True" />
                  <test-case description="When FileBaseName &quot;Get-JCOrganization&quot; equal MatchValue &quot;Get-JCOrganization&quot; for file &quot;Get-JCOrganization.ps1&quot;" name="Function Format Tests.Test that the file name matches the function name.When FileBaseName &quot;Get-JCOrganization&quot; equal MatchValue &quot;Get-JCOrganization&quot; for file &quot;Get-JCOrganization.ps1&quot;" time="0.0032" asserts="0" success="True" result="Success" executed="True" />
                </results>
              </test-suite>
              <test-suite type="TestFixture" name="Test for missing information" executed="True" result="Success" success="True" time="0.1002" asserts="0" description="Test for missing information">
                <results>
                  <test-case description="When FileName &quot;Get-JCOrganization.ps1&quot; does not contain any functions" name="Function Format Tests.Test for missing information.When FileName &quot;Get-JCOrganization.ps1&quot; does not contain any functions" time="0.0027" asserts="0" success="True" result="Success" executed="True" />
                </results>
              </test-suite>
              <test-suite type="TestFixture" name="Test for multiple functions per file" executed="True" result="Success" success="True" time="0.0375" asserts="0" description="Test for multiple functions per file">
                <results>
                  <test-case description="When FileName &quot;Get-JCOrganization.ps1&quot; has exactly 1 function" name="Function Format Tests.Test for multiple functions per file.When FileName &quot;Get-JCOrganization.ps1&quot; has exactly 1 function" time="0.0051" asserts="0" success="True" result="Success" executed="True" />
                </results>
              </test-suite>
              <test-suite type="TestFixture" name="Test that Connect-JCOnline exists in each Public function" executed="True" result="Success" success="True" time="0.0313" asserts="0" description="Test that Connect-JCOnline exists in each Public function">
                <results>
                  <test-case description="When FileName &quot;Get-JCOrganization.ps1&quot; does not contain &quot;Connect-JCOnline&quot;" name="Function Format Tests.Test that Connect-JCOnline exists in each Public function.When FileName &quot;Get-JCOrganization.ps1&quot; does not contain &quot;Connect-JCOnline&quot;" time="0.0021" asserts="0" success="True" result="Success" executed="True" />
                </results>
              </test-suite>
              <test-suite type="TestFixture" name="Test that the file name matches the function name" executed="True" result="Success" success="True" time="0.0363" asserts="0" description="Test that the file name matches the function name">
                <results>
                  <test-case description="When FileBaseName &quot;Set-JCOrganization&quot; equal Function &quot;Set-JCOrganization&quot; for file &quot;Set-JCOrganization.ps1&quot;" name="Function Format Tests.Test that the file name matches the function name.When FileBaseName &quot;Set-JCOrganization&quot; equal Function &quot;Set-JCOrganization&quot; for file &quot;Set-JCOrganization.ps1&quot;" time="0.0022" asserts="0" success="True" result="Success" executed="True" />
                  <test-case description="When FileBaseName &quot;Set-JCOrganization&quot; equal MatchValue &quot;Set-JCOrganization&quot; for file &quot;Set-JCOrganization.ps1&quot;" name="Function Format Tests.Test that the file name matches the function name.When FileBaseName &quot;Set-JCOrganization&quot; equal MatchValue &quot;Set-JCOrganization&quot; for file &quot;Set-JCOrganization.ps1&quot;" time="0.0021" asserts="0" success="True" result="Success" executed="True" />
                </results>
              </test-suite>
              <test-suite type="TestFixture" name="Test for missing information" executed="True" result="Success" success="True" time="0.1606" asserts="0" description="Test for missing information">
                <results>
                  <test-case description="When FileName &quot;Set-JCOrganization.ps1&quot; does not contain any functions" name="Function Format Tests.Test for missing information.When FileName &quot;Set-JCOrganization.ps1&quot; does not contain any functions" time="0.0018" asserts="0" success="True" result="Success" executed="True" />
                </results>
              </test-suite>
              <test-suite type="TestFixture" name="Test for multiple functions per file" executed="True" result="Success" success="True" time="0.0312" asserts="0" description="Test for multiple functions per file">
                <results>
                  <test-case description="When FileName &quot;Set-JCOrganization.ps1&quot; has exactly 1 function" name="Function Format Tests.Test for multiple functions per file.When FileName &quot;Set-JCOrganization.ps1&quot; has exactly 1 function" time="0.0039" asserts="0" success="True" result="Success" executed="True" />
                </results>
              </test-suite>
              <test-suite type="TestFixture" name="Test that Connect-JCOnline exists in each Public function" executed="True" result="Success" success="True" time="0.0298" asserts="0" description="Test that Connect-JCOnline exists in each Public function">
                <results>
                  <test-case description="When FileName &quot;Set-JCOrganization.ps1&quot; does not contain &quot;Connect-JCOnline&quot;" name="Function Format Tests.Test that Connect-JCOnline exists in each Public function.When FileName &quot;Set-JCOrganization.ps1&quot; does not contain &quot;Connect-JCOnline&quot;" time="0.0027" asserts="0" success="True" result="Success" executed="True" />
                </results>
              </test-suite>
              <test-suite type="TestFixture" name="Test that the file name matches the function name" executed="True" result="Success" success="True" time="0.0386" asserts="0" description="Test that the file name matches the function name">
                <results>
                  <test-case description="When FileBaseName &quot;Update-JCModule&quot; equal Function &quot;Update-JCModule&quot; for file &quot;Update-JCModule.ps1&quot;" name="Function Format Tests.Test that the file name matches the function name.When FileBaseName &quot;Update-JCModule&quot; equal Function &quot;Update-JCModule&quot; for file &quot;Update-JCModule.ps1&quot;" time="0.0021" asserts="0" success="True" result="Success" executed="True" />
                  <test-case description="When FileBaseName &quot;Update-JCModule&quot; equal MatchValue &quot;Update-JCModule&quot; for file &quot;Update-JCModule.ps1&quot;" name="Function Format Tests.Test that the file name matches the function name.When FileBaseName &quot;Update-JCModule&quot; equal MatchValue &quot;Update-JCModule&quot; for file &quot;Update-JCModule.ps1&quot;" time="0.0017" asserts="0" success="True" result="Success" executed="True" />
                </results>
              </test-suite>
              <test-suite type="TestFixture" name="Test for missing information" executed="True" result="Success" success="True" time="0.0267" asserts="0" description="Test for missing information">
                <results>
                  <test-case description="When FileName &quot;Update-JCModule.ps1&quot; does not contain any functions" name="Function Format Tests.Test for missing information.When FileName &quot;Update-JCModule.ps1&quot; does not contain any functions" time="0.0015" asserts="0" success="True" result="Success" executed="True" />
                </results>
              </test-suite>
              <test-suite type="TestFixture" name="Test for multiple functions per file" executed="True" result="Success" success="True" time="0.0345" asserts="0" description="Test for multiple functions per file">
                <results>
                  <test-case description="When FileName &quot;Update-JCModule.ps1&quot; has exactly 1 function" name="Function Format Tests.Test for multiple functions per file.When FileName &quot;Update-JCModule.ps1&quot; has exactly 1 function" time="0.004" asserts="0" success="True" result="Success" executed="True" />
                </results>
              </test-suite>
              <test-suite type="TestFixture" name="Test that the file name matches the function name" executed="True" result="Success" success="True" time="0.1545" asserts="0" description="Test that the file name matches the function name">
                <results>
                  <test-case description="When FileBaseName &quot;Get-JCCommand&quot; equal Function &quot;Get-JCCommand&quot; for file &quot;Get-JCCommand.ps1&quot;" name="Function Format Tests.Test that the file name matches the function name.When FileBaseName &quot;Get-JCCommand&quot; equal Function &quot;Get-JCCommand&quot; for file &quot;Get-JCCommand.ps1&quot;" time="0.0021" asserts="0" success="True" result="Success" executed="True" />
                  <test-case description="When FileBaseName &quot;Get-JCCommand&quot; equal MatchValue &quot;Get-JCCommand&quot; for file &quot;Get-JCCommand.ps1&quot;" name="Function Format Tests.Test that the file name matches the function name.When FileBaseName &quot;Get-JCCommand&quot; equal MatchValue &quot;Get-JCCommand&quot; for file &quot;Get-JCCommand.ps1&quot;" time="0.0029" asserts="0" success="True" result="Success" executed="True" />
                </results>
              </test-suite>
              <test-suite type="TestFixture" name="Test for missing information" executed="True" result="Success" success="True" time="0.0322" asserts="0" description="Test for missing information">
                <results>
                  <test-case description="When FileName &quot;Get-JCCommand.ps1&quot; does not contain any functions" name="Function Format Tests.Test for missing information.When FileName &quot;Get-JCCommand.ps1&quot; does not contain any functions" time="0.0018" asserts="0" success="True" result="Success" executed="True" />
                </results>
              </test-suite>
              <test-suite type="TestFixture" name="Test for multiple functions per file" executed="True" result="Success" success="True" time="0.0383" asserts="0" description="Test for multiple functions per file">
                <results>
                  <test-case description="When FileName &quot;Get-JCCommand.ps1&quot; has exactly 1 function" name="Function Format Tests.Test for multiple functions per file.When FileName &quot;Get-JCCommand.ps1&quot; has exactly 1 function" time="0.004" asserts="0" success="True" result="Success" executed="True" />
                </results>
              </test-suite>
              <test-suite type="TestFixture" name="Test that Connect-JCOnline exists in each Public function" executed="True" result="Success" success="True" time="0.0328" asserts="0" description="Test that Connect-JCOnline exists in each Public function">
                <results>
                  <test-case description="When FileName &quot;Get-JCCommand.ps1&quot; does not contain &quot;Connect-JCOnline&quot;" name="Function Format Tests.Test that Connect-JCOnline exists in each Public function.When FileName &quot;Get-JCCommand.ps1&quot; does not contain &quot;Connect-JCOnline&quot;" time="0.002" asserts="0" success="True" result="Success" executed="True" />
                </results>
              </test-suite>
              <test-suite type="TestFixture" name="Test that the file name matches the function name" executed="True" result="Success" success="True" time="0.0325" asserts="0" description="Test that the file name matches the function name">
                <results>
                  <test-case description="When FileBaseName &quot;Import-JCCommand&quot; equal Function &quot;Import-JCCommand&quot; for file &quot;Import-JCCommand.ps1&quot;" name="Function Format Tests.Test that the file name matches the function name.When FileBaseName &quot;Import-JCCommand&quot; equal Function &quot;Import-JCCommand&quot; for file &quot;Import-JCCommand.ps1&quot;" time="0.0018" asserts="0" success="True" result="Success" executed="True" />
                  <test-case description="When FileBaseName &quot;Import-JCCommand&quot; equal MatchValue &quot;Import-JCCommand&quot; for file &quot;Import-JCCommand.ps1&quot;" name="Function Format Tests.Test that the file name matches the function name.When FileBaseName &quot;Import-JCCommand&quot; equal MatchValue &quot;Import-JCCommand&quot; for file &quot;Import-JCCommand.ps1&quot;" time="0.0019" asserts="0" success="True" result="Success" executed="True" />
                </results>
              </test-suite>
              <test-suite type="TestFixture" name="Test for missing information" executed="True" result="Success" success="True" time="0.0266" asserts="0" description="Test for missing information">
                <results>
                  <test-case description="When FileName &quot;Import-JCCommand.ps1&quot; does not contain any functions" name="Function Format Tests.Test for missing information.When FileName &quot;Import-JCCommand.ps1&quot; does not contain any functions" time="0.0015" asserts="0" success="True" result="Success" executed="True" />
                </results>
              </test-suite>
              <test-suite type="TestFixture" name="Test for multiple functions per file" executed="True" result="Success" success="True" time="0.0323" asserts="0" description="Test for multiple functions per file">
                <results>
                  <test-case description="When FileName &quot;Import-JCCommand.ps1&quot; has exactly 1 function" name="Function Format Tests.Test for multiple functions per file.When FileName &quot;Import-JCCommand.ps1&quot; has exactly 1 function" time="0.0034" asserts="0" success="True" result="Success" executed="True" />
                </results>
              </test-suite>
              <test-suite type="TestFixture" name="Test that Connect-JCOnline exists in each Public function" executed="True" result="Success" success="True" time="0.0297" asserts="0" description="Test that Connect-JCOnline exists in each Public function">
                <results>
                  <test-case description="When FileName &quot;Import-JCCommand.ps1&quot; does not contain &quot;Connect-JCOnline&quot;" name="Function Format Tests.Test that Connect-JCOnline exists in each Public function.When FileName &quot;Import-JCCommand.ps1&quot; does not contain &quot;Connect-JCOnline&quot;" time="0.0022" asserts="0" success="True" result="Success" executed="True" />
                </results>
              </test-suite>
              <test-suite type="TestFixture" name="Test that the file name matches the function name" executed="True" result="Success" success="True" time="0.0339" asserts="0" description="Test that the file name matches the function name">
                <results>
                  <test-case description="When FileBaseName &quot;Invoke-JCCommand&quot; equal Function &quot;Invoke-JCCommand&quot; for file &quot;Invoke-JCCommand.ps1&quot;" name="Function Format Tests.Test that the file name matches the function name.When FileBaseName &quot;Invoke-JCCommand&quot; equal Function &quot;Invoke-JCCommand&quot; for file &quot;Invoke-JCCommand.ps1&quot;" time="0.0018" asserts="0" success="True" result="Success" executed="True" />
                  <test-case description="When FileBaseName &quot;Invoke-JCCommand&quot; equal MatchValue &quot;Invoke-JCCommand&quot; for file &quot;Invoke-JCCommand.ps1&quot;" name="Function Format Tests.Test that the file name matches the function name.When FileBaseName &quot;Invoke-JCCommand&quot; equal MatchValue &quot;Invoke-JCCommand&quot; for file &quot;Invoke-JCCommand.ps1&quot;" time="0.0018" asserts="0" success="True" result="Success" executed="True" />
                </results>
              </test-suite>
              <test-suite type="TestFixture" name="Test for missing information" executed="True" result="Success" success="True" time="0.0307" asserts="0" description="Test for missing information">
                <results>
                  <test-case description="When FileName &quot;Invoke-JCCommand.ps1&quot; does not contain any functions" name="Function Format Tests.Test for missing information.When FileName &quot;Invoke-JCCommand.ps1&quot; does not contain any functions" time="0.0015" asserts="0" success="True" result="Success" executed="True" />
                </results>
              </test-suite>
              <test-suite type="TestFixture" name="Test for multiple functions per file" executed="True" result="Success" success="True" time="0.039" asserts="0" description="Test for multiple functions per file">
                <results>
                  <test-case description="When FileName &quot;Invoke-JCCommand.ps1&quot; has exactly 1 function" name="Function Format Tests.Test for multiple functions per file.When FileName &quot;Invoke-JCCommand.ps1&quot; has exactly 1 function" time="0.0037" asserts="0" success="True" result="Success" executed="True" />
                </results>
              </test-suite>
              <test-suite type="TestFixture" name="Test that Connect-JCOnline exists in each Public function" executed="True" result="Success" success="True" time="0.0322" asserts="0" description="Test that Connect-JCOnline exists in each Public function">
                <results>
                  <test-case description="When FileName &quot;Invoke-JCCommand.ps1&quot; does not contain &quot;Connect-JCOnline&quot;" name="Function Format Tests.Test that Connect-JCOnline exists in each Public function.When FileName &quot;Invoke-JCCommand.ps1&quot; does not contain &quot;Connect-JCOnline&quot;" time="0.0027" asserts="0" success="True" result="Success" executed="True" />
                </results>
              </test-suite>
              <test-suite type="TestFixture" name="Test that the file name matches the function name" executed="True" result="Success" success="True" time="0.0336" asserts="0" description="Test that the file name matches the function name">
                <results>
                  <test-case description="When FileBaseName &quot;Invoke-JCDeployment&quot; equal Function &quot;Invoke-JCDeployment&quot; for file &quot;Invoke-JCDeployment.ps1&quot;" name="Function Format Tests.Test that the file name matches the function name.When FileBaseName &quot;Invoke-JCDeployment&quot; equal Function &quot;Invoke-JCDeployment&quot; for file &quot;Invoke-JCDeployment.ps1&quot;" time="0.002" asserts="0" success="True" result="Success" executed="True" />
                  <test-case description="When FileBaseName &quot;Invoke-JCDeployment&quot; equal MatchValue &quot;Invoke-JCDeployment&quot; for file &quot;Invoke-JCDeployment.ps1&quot;" name="Function Format Tests.Test that the file name matches the function name.When FileBaseName &quot;Invoke-JCDeployment&quot; equal MatchValue &quot;Invoke-JCDeployment&quot; for file &quot;Invoke-JCDeployment.ps1&quot;" time="0.0018" asserts="0" success="True" result="Success" executed="True" />
                </results>
              </test-suite>
              <test-suite type="TestFixture" name="Test for missing information" executed="True" result="Success" success="True" time="0.031" asserts="0" description="Test for missing information">
                <results>
                  <test-case description="When FileName &quot;Invoke-JCDeployment.ps1&quot; does not contain any functions" name="Function Format Tests.Test for missing information.When FileName &quot;Invoke-JCDeployment.ps1&quot; does not contain any functions" time="0.0045" asserts="0" success="True" result="Success" executed="True" />
                </results>
              </test-suite>
              <test-suite type="TestFixture" name="Test for multiple functions per file" executed="True" result="Success" success="True" time="0.0291" asserts="0" description="Test for multiple functions per file">
                <results>
                  <test-case description="When FileName &quot;Invoke-JCDeployment.ps1&quot; has exactly 1 function" name="Function Format Tests.Test for multiple functions per file.When FileName &quot;Invoke-JCDeployment.ps1&quot; has exactly 1 function" time="0.004" asserts="0" success="True" result="Success" executed="True" />
                </results>
              </test-suite>
              <test-suite type="TestFixture" name="Test that Connect-JCOnline exists in each Public function" executed="True" result="Success" success="True" time="0.0284" asserts="0" description="Test that Connect-JCOnline exists in each Public function">
                <results>
                  <test-case description="When FileName &quot;Invoke-JCDeployment.ps1&quot; does not contain &quot;Connect-JCOnline&quot;" name="Function Format Tests.Test that Connect-JCOnline exists in each Public function.When FileName &quot;Invoke-JCDeployment.ps1&quot; does not contain &quot;Connect-JCOnline&quot;" time="0.0023" asserts="0" success="True" result="Success" executed="True" />
                </results>
              </test-suite>
              <test-suite type="TestFixture" name="Test that the file name matches the function name" executed="True" result="Success" success="True" time="0.0369" asserts="0" description="Test that the file name matches the function name">
                <results>
                  <test-case description="When FileBaseName &quot;New-JCCommand&quot; equal Function &quot;New-JCCommand&quot; for file &quot;New-JCCommand.ps1&quot;" name="Function Format Tests.Test that the file name matches the function name.When FileBaseName &quot;New-JCCommand&quot; equal Function &quot;New-JCCommand&quot; for file &quot;New-JCCommand.ps1&quot;" time="0.0018" asserts="0" success="True" result="Success" executed="True" />
                  <test-case description="When FileBaseName &quot;New-JCCommand&quot; equal MatchValue &quot;New-JCCommand&quot; for file &quot;New-JCCommand.ps1&quot;" name="Function Format Tests.Test that the file name matches the function name.When FileBaseName &quot;New-JCCommand&quot; equal MatchValue &quot;New-JCCommand&quot; for file &quot;New-JCCommand.ps1&quot;" time="0.002" asserts="0" success="True" result="Success" executed="True" />
                </results>
              </test-suite>
              <test-suite type="TestFixture" name="Test for missing information" executed="True" result="Success" success="True" time="0.028" asserts="0" description="Test for missing information">
                <results>
                  <test-case description="When FileName &quot;New-JCCommand.ps1&quot; does not contain any functions" name="Function Format Tests.Test for missing information.When FileName &quot;New-JCCommand.ps1&quot; does not contain any functions" time="0.0016" asserts="0" success="True" result="Success" executed="True" />
                </results>
              </test-suite>
              <test-suite type="TestFixture" name="Test for multiple functions per file" executed="True" result="Success" success="True" time="0.0282" asserts="0" description="Test for multiple functions per file">
                <results>
                  <test-case description="When FileName &quot;New-JCCommand.ps1&quot; has exactly 1 function" name="Function Format Tests.Test for multiple functions per file.When FileName &quot;New-JCCommand.ps1&quot; has exactly 1 function" time="0.0029" asserts="0" success="True" result="Success" executed="True" />
                </results>
              </test-suite>
              <test-suite type="TestFixture" name="Test that Connect-JCOnline exists in each Public function" executed="True" result="Success" success="True" time="0.0294" asserts="0" description="Test that Connect-JCOnline exists in each Public function">
                <results>
                  <test-case description="When FileName &quot;New-JCCommand.ps1&quot; does not contain &quot;Connect-JCOnline&quot;" name="Function Format Tests.Test that Connect-JCOnline exists in each Public function.When FileName &quot;New-JCCommand.ps1&quot; does not contain &quot;Connect-JCOnline&quot;" time="0.0024" asserts="0" success="True" result="Success" executed="True" />
                </results>
              </test-suite>
              <test-suite type="TestFixture" name="Test that the file name matches the function name" executed="True" result="Success" success="True" time="0.0374" asserts="0" description="Test that the file name matches the function name">
                <results>
                  <test-case description="When FileBaseName &quot;New-JCDeploymentTemplate&quot; equal Function &quot;New-JCDeploymentTemplate&quot; for file &quot;New-JCDeploymentTemplate.ps1&quot;" name="Function Format Tests.Test that the file name matches the function name.When FileBaseName &quot;New-JCDeploymentTemplate&quot; equal Function &quot;New-JCDeploymentTemplate&quot; for file &quot;New-JCDeploymentTemplate.ps1&quot;" time="0.0021" asserts="0" success="True" result="Success" executed="True" />
                  <test-case description="When FileBaseName &quot;New-JCDeploymentTemplate&quot; equal MatchValue &quot;New-JCDeploymentTemplate&quot; for file &quot;New-JCDeploymentTemplate.ps1&quot;" name="Function Format Tests.Test that the file name matches the function name.When FileBaseName &quot;New-JCDeploymentTemplate&quot; equal MatchValue &quot;New-JCDeploymentTemplate&quot; for file &quot;New-JCDeploymentTemplate.ps1&quot;" time="0.002" asserts="0" success="True" result="Success" executed="True" />
                </results>
              </test-suite>
              <test-suite type="TestFixture" name="Test for missing information" executed="True" result="Success" success="True" time="0.0281" asserts="0" description="Test for missing information">
                <results>
                  <test-case description="When FileName &quot;New-JCDeploymentTemplate.ps1&quot; does not contain any functions" name="Function Format Tests.Test for missing information.When FileName &quot;New-JCDeploymentTemplate.ps1&quot; does not contain any functions" time="0.0018" asserts="0" success="True" result="Success" executed="True" />
                </results>
              </test-suite>
              <test-suite type="TestFixture" name="Test for multiple functions per file" executed="True" result="Success" success="True" time="0.0338" asserts="0" description="Test for multiple functions per file">
                <results>
                  <test-case description="When FileName &quot;New-JCDeploymentTemplate.ps1&quot; has exactly 1 function" name="Function Format Tests.Test for multiple functions per file.When FileName &quot;New-JCDeploymentTemplate.ps1&quot; has exactly 1 function" time="0.0038" asserts="0" success="True" result="Success" executed="True" />
                </results>
              </test-suite>
              <test-suite type="TestFixture" name="Test that the file name matches the function name" executed="True" result="Success" success="True" time="0.0397" asserts="0" description="Test that the file name matches the function name">
                <results>
                  <test-case description="When FileBaseName &quot;Remove-JCCommand&quot; equal Function &quot;Remove-JCCommand&quot; for file &quot;Remove-JCCommand.ps1&quot;" name="Function Format Tests.Test that the file name matches the function name.When FileBaseName &quot;Remove-JCCommand&quot; equal Function &quot;Remove-JCCommand&quot; for file &quot;Remove-JCCommand.ps1&quot;" time="0.0022" asserts="0" success="True" result="Success" executed="True" />
                  <test-case description="When FileBaseName &quot;Remove-JCCommand&quot; equal MatchValue &quot;Remove-JCCommand&quot; for file &quot;Remove-JCCommand.ps1&quot;" name="Function Format Tests.Test that the file name matches the function name.When FileBaseName &quot;Remove-JCCommand&quot; equal MatchValue &quot;Remove-JCCommand&quot; for file &quot;Remove-JCCommand.ps1&quot;" time="0.0022" asserts="0" success="True" result="Success" executed="True" />
                </results>
              </test-suite>
              <test-suite type="TestFixture" name="Test for missing information" executed="True" result="Success" success="True" time="0.0292" asserts="0" description="Test for missing information">
                <results>
                  <test-case description="When FileName &quot;Remove-JCCommand.ps1&quot; does not contain any functions" name="Function Format Tests.Test for missing information.When FileName &quot;Remove-JCCommand.ps1&quot; does not contain any functions" time="0.0019" asserts="0" success="True" result="Success" executed="True" />
                </results>
              </test-suite>
              <test-suite type="TestFixture" name="Test for multiple functions per file" executed="True" result="Success" success="True" time="0.0312" asserts="0" description="Test for multiple functions per file">
                <results>
                  <test-case description="When FileName &quot;Remove-JCCommand.ps1&quot; has exactly 1 function" name="Function Format Tests.Test for multiple functions per file.When FileName &quot;Remove-JCCommand.ps1&quot; has exactly 1 function" time="0.0037" asserts="0" success="True" result="Success" executed="True" />
                </results>
              </test-suite>
              <test-suite type="TestFixture" name="Test that Connect-JCOnline exists in each Public function" executed="True" result="Success" success="True" time="0.0373" asserts="0" description="Test that Connect-JCOnline exists in each Public function">
                <results>
                  <test-case description="When FileName &quot;Remove-JCCommand.ps1&quot; does not contain &quot;Connect-JCOnline&quot;" name="Function Format Tests.Test that Connect-JCOnline exists in each Public function.When FileName &quot;Remove-JCCommand.ps1&quot; does not contain &quot;Connect-JCOnline&quot;" time="0.0027" asserts="0" success="True" result="Success" executed="True" />
                </results>
              </test-suite>
              <test-suite type="TestFixture" name="Test that the file name matches the function name" executed="True" result="Success" success="True" time="0.0355" asserts="0" description="Test that the file name matches the function name">
                <results>
                  <test-case description="When FileBaseName &quot;Set-JCCommand&quot; equal Function &quot;Set-JCCommand&quot; for file &quot;Set-JCCommand.ps1&quot;" name="Function Format Tests.Test that the file name matches the function name.When FileBaseName &quot;Set-JCCommand&quot; equal Function &quot;Set-JCCommand&quot; for file &quot;Set-JCCommand.ps1&quot;" time="0.0022" asserts="0" success="True" result="Success" executed="True" />
                  <test-case description="When FileBaseName &quot;Set-JCCommand&quot; equal MatchValue &quot;Set-JCCommand&quot; for file &quot;Set-JCCommand.ps1&quot;" name="Function Format Tests.Test that the file name matches the function name.When FileBaseName &quot;Set-JCCommand&quot; equal MatchValue &quot;Set-JCCommand&quot; for file &quot;Set-JCCommand.ps1&quot;" time="0.0019" asserts="0" success="True" result="Success" executed="True" />
                </results>
              </test-suite>
              <test-suite type="TestFixture" name="Test for missing information" executed="True" result="Success" success="True" time="0.0295" asserts="0" description="Test for missing information">
                <results>
                  <test-case description="When FileName &quot;Set-JCCommand.ps1&quot; does not contain any functions" name="Function Format Tests.Test for missing information.When FileName &quot;Set-JCCommand.ps1&quot; does not contain any functions" time="0.0017" asserts="0" success="True" result="Success" executed="True" />
                </results>
              </test-suite>
              <test-suite type="TestFixture" name="Test for multiple functions per file" executed="True" result="Success" success="True" time="0.031" asserts="0" description="Test for multiple functions per file">
                <results>
                  <test-case description="When FileName &quot;Set-JCCommand.ps1&quot; has exactly 1 function" name="Function Format Tests.Test for multiple functions per file.When FileName &quot;Set-JCCommand.ps1&quot; has exactly 1 function" time="0.0036" asserts="0" success="True" result="Success" executed="True" />
                </results>
              </test-suite>
              <test-suite type="TestFixture" name="Test that Connect-JCOnline exists in each Public function" executed="True" result="Success" success="True" time="0.0321" asserts="0" description="Test that Connect-JCOnline exists in each Public function">
                <results>
                  <test-case description="When FileName &quot;Set-JCCommand.ps1&quot; does not contain &quot;Connect-JCOnline&quot;" name="Function Format Tests.Test that Connect-JCOnline exists in each Public function.When FileName &quot;Set-JCCommand.ps1&quot; does not contain &quot;Connect-JCOnline&quot;" time="0.0022" asserts="0" success="True" result="Success" executed="True" />
                </results>
              </test-suite>
              <test-suite type="TestFixture" name="Test that the file name matches the function name" executed="True" result="Success" success="True" time="0.0363" asserts="0" description="Test that the file name matches the function name">
                <results>
                  <test-case description="When FileBaseName &quot;Get-JCCommandResult&quot; equal Function &quot;Get-JCCommandResult&quot; for file &quot;Get-JCCommandResult.ps1&quot;" name="Function Format Tests.Test that the file name matches the function name.When FileBaseName &quot;Get-JCCommandResult&quot; equal Function &quot;Get-JCCommandResult&quot; for file &quot;Get-JCCommandResult.ps1&quot;" time="0.003" asserts="0" success="True" result="Success" executed="True" />
                  <test-case description="When FileBaseName &quot;Get-JCCommandResult&quot; equal MatchValue &quot;Get-JCCommandResult&quot; for file &quot;Get-JCCommandResult.ps1&quot;" name="Function Format Tests.Test that the file name matches the function name.When FileBaseName &quot;Get-JCCommandResult&quot; equal MatchValue &quot;Get-JCCommandResult&quot; for file &quot;Get-JCCommandResult.ps1&quot;" time="0.0018" asserts="0" success="True" result="Success" executed="True" />
                </results>
              </test-suite>
              <test-suite type="TestFixture" name="Test for missing information" executed="True" result="Success" success="True" time="0.0265" asserts="0" description="Test for missing information">
                <results>
                  <test-case description="When FileName &quot;Get-JCCommandResult.ps1&quot; does not contain any functions" name="Function Format Tests.Test for missing information.When FileName &quot;Get-JCCommandResult.ps1&quot; does not contain any functions" time="0.0013" asserts="0" success="True" result="Success" executed="True" />
                </results>
              </test-suite>
              <test-suite type="TestFixture" name="Test for multiple functions per file" executed="True" result="Success" success="True" time="0.0374" asserts="0" description="Test for multiple functions per file">
                <results>
                  <test-case description="When FileName &quot;Get-JCCommandResult.ps1&quot; has exactly 1 function" name="Function Format Tests.Test for multiple functions per file.When FileName &quot;Get-JCCommandResult.ps1&quot; has exactly 1 function" time="0.0043" asserts="0" success="True" result="Success" executed="True" />
                </results>
              </test-suite>
              <test-suite type="TestFixture" name="Test that Connect-JCOnline exists in each Public function" executed="True" result="Success" success="True" time="0.0304" asserts="0" description="Test that Connect-JCOnline exists in each Public function">
                <results>
                  <test-case description="When FileName &quot;Get-JCCommandResult.ps1&quot; does not contain &quot;Connect-JCOnline&quot;" name="Function Format Tests.Test that Connect-JCOnline exists in each Public function.When FileName &quot;Get-JCCommandResult.ps1&quot; does not contain &quot;Connect-JCOnline&quot;" time="0.0022" asserts="0" success="True" result="Success" executed="True" />
                </results>
              </test-suite>
              <test-suite type="TestFixture" name="Test that the file name matches the function name" executed="True" result="Success" success="True" time="0.0346" asserts="0" description="Test that the file name matches the function name">
                <results>
                  <test-case description="When FileBaseName &quot;Remove-JCCommandResult&quot; equal Function &quot;Remove-JCCommandResult&quot; for file &quot;Remove-JCCommandResult.ps1&quot;" name="Function Format Tests.Test that the file name matches the function name.When FileBaseName &quot;Remove-JCCommandResult&quot; equal Function &quot;Remove-JCCommandResult&quot; for file &quot;Remove-JCCommandResult.ps1&quot;" time="0.0017" asserts="0" success="True" result="Success" executed="True" />
                  <test-case description="When FileBaseName &quot;Remove-JCCommandResult&quot; equal MatchValue &quot;Remove-JCCommandResult&quot; for file &quot;Remove-JCCommandResult.ps1&quot;" name="Function Format Tests.Test that the file name matches the function name.When FileBaseName &quot;Remove-JCCommandResult&quot; equal MatchValue &quot;Remove-JCCommandResult&quot; for file &quot;Remove-JCCommandResult.ps1&quot;" time="0.0019" asserts="0" success="True" result="Success" executed="True" />
                </results>
              </test-suite>
              <test-suite type="TestFixture" name="Test for missing information" executed="True" result="Success" success="True" time="0.0287" asserts="0" description="Test for missing information">
                <results>
                  <test-case description="When FileName &quot;Remove-JCCommandResult.ps1&quot; does not contain any functions" name="Function Format Tests.Test for missing information.When FileName &quot;Remove-JCCommandResult.ps1&quot; does not contain any functions" time="0.0015" asserts="0" success="True" result="Success" executed="True" />
                </results>
              </test-suite>
              <test-suite type="TestFixture" name="Test for multiple functions per file" executed="True" result="Success" success="True" time="0.0281" asserts="0" description="Test for multiple functions per file">
                <results>
                  <test-case description="When FileName &quot;Remove-JCCommandResult.ps1&quot; has exactly 1 function" name="Function Format Tests.Test for multiple functions per file.When FileName &quot;Remove-JCCommandResult.ps1&quot; has exactly 1 function" time="0.0032" asserts="0" success="True" result="Success" executed="True" />
                </results>
              </test-suite>
              <test-suite type="TestFixture" name="Test that Connect-JCOnline exists in each Public function" executed="True" result="Success" success="True" time="0.0256" asserts="0" description="Test that Connect-JCOnline exists in each Public function">
                <results>
                  <test-case description="When FileName &quot;Remove-JCCommandResult.ps1&quot; does not contain &quot;Connect-JCOnline&quot;" name="Function Format Tests.Test that Connect-JCOnline exists in each Public function.When FileName &quot;Remove-JCCommandResult.ps1&quot; does not contain &quot;Connect-JCOnline&quot;" time="0.0017" asserts="0" success="True" result="Success" executed="True" />
                </results>
              </test-suite>
              <test-suite type="TestFixture" name="Test that the file name matches the function name" executed="True" result="Success" success="True" time="0.0327" asserts="0" description="Test that the file name matches the function name">
                <results>
                  <test-case description="When FileBaseName &quot;Add-JCCommandTarget&quot; equal Function &quot;Add-JCCommandTarget&quot; for file &quot;Add-JCCommandTarget.ps1&quot;" name="Function Format Tests.Test that the file name matches the function name.When FileBaseName &quot;Add-JCCommandTarget&quot; equal Function &quot;Add-JCCommandTarget&quot; for file &quot;Add-JCCommandTarget.ps1&quot;" time="0.0027" asserts="0" success="True" result="Success" executed="True" />
                  <test-case description="When FileBaseName &quot;Add-JCCommandTarget&quot; equal MatchValue &quot;Add-JCCommandTarget&quot; for file &quot;Add-JCCommandTarget.ps1&quot;" name="Function Format Tests.Test that the file name matches the function name.When FileBaseName &quot;Add-JCCommandTarget&quot; equal MatchValue &quot;Add-JCCommandTarget&quot; for file &quot;Add-JCCommandTarget.ps1&quot;" time="0.0016" asserts="0" success="True" result="Success" executed="True" />
                </results>
              </test-suite>
              <test-suite type="TestFixture" name="Test for missing information" executed="True" result="Success" success="True" time="0.0308" asserts="0" description="Test for missing information">
                <results>
                  <test-case description="When FileName &quot;Add-JCCommandTarget.ps1&quot; does not contain any functions" name="Function Format Tests.Test for missing information.When FileName &quot;Add-JCCommandTarget.ps1&quot; does not contain any functions" time="0.0016" asserts="0" success="True" result="Success" executed="True" />
                </results>
              </test-suite>
              <test-suite type="TestFixture" name="Test for multiple functions per file" executed="True" result="Success" success="True" time="0.0283" asserts="0" description="Test for multiple functions per file">
                <results>
                  <test-case description="When FileName &quot;Add-JCCommandTarget.ps1&quot; has exactly 1 function" name="Function Format Tests.Test for multiple functions per file.When FileName &quot;Add-JCCommandTarget.ps1&quot; has exactly 1 function" time="0.0033" asserts="0" success="True" result="Success" executed="True" />
                </results>
              </test-suite>
              <test-suite type="TestFixture" name="Test that Connect-JCOnline exists in each Public function" executed="True" result="Success" success="True" time="0.0306" asserts="0" description="Test that Connect-JCOnline exists in each Public function">
                <results>
                  <test-case description="When FileName &quot;Add-JCCommandTarget.ps1&quot; does not contain &quot;Connect-JCOnline&quot;" name="Function Format Tests.Test that Connect-JCOnline exists in each Public function.When FileName &quot;Add-JCCommandTarget.ps1&quot; does not contain &quot;Connect-JCOnline&quot;" time="0.0034" asserts="0" success="True" result="Success" executed="True" />
                </results>
              </test-suite>
              <test-suite type="TestFixture" name="Test that the file name matches the function name" executed="True" result="Success" success="True" time="0.0343" asserts="0" description="Test that the file name matches the function name">
                <results>
                  <test-case description="When FileBaseName &quot;Get-JCCommandTarget&quot; equal Function &quot;Get-JCCommandTarget&quot; for file &quot;Get-JCCommandTarget.ps1&quot;" name="Function Format Tests.Test that the file name matches the function name.When FileBaseName &quot;Get-JCCommandTarget&quot; equal Function &quot;Get-JCCommandTarget&quot; for file &quot;Get-JCCommandTarget.ps1&quot;" time="0.0017" asserts="0" success="True" result="Success" executed="True" />
                  <test-case description="When FileBaseName &quot;Get-JCCommandTarget&quot; equal MatchValue &quot;Get-JCCommandTarget&quot; for file &quot;Get-JCCommandTarget.ps1&quot;" name="Function Format Tests.Test that the file name matches the function name.When FileBaseName &quot;Get-JCCommandTarget&quot; equal MatchValue &quot;Get-JCCommandTarget&quot; for file &quot;Get-JCCommandTarget.ps1&quot;" time="0.0016" asserts="0" success="True" result="Success" executed="True" />
                </results>
              </test-suite>
              <test-suite type="TestFixture" name="Test for missing information" executed="True" result="Success" success="True" time="0.0245" asserts="0" description="Test for missing information">
                <results>
                  <test-case description="When FileName &quot;Get-JCCommandTarget.ps1&quot; does not contain any functions" name="Function Format Tests.Test for missing information.When FileName &quot;Get-JCCommandTarget.ps1&quot; does not contain any functions" time="0.0015" asserts="0" success="True" result="Success" executed="True" />
                </results>
              </test-suite>
              <test-suite type="TestFixture" name="Test for multiple functions per file" executed="True" result="Success" success="True" time="0.0289" asserts="0" description="Test for multiple functions per file">
                <results>
                  <test-case description="When FileName &quot;Get-JCCommandTarget.ps1&quot; has exactly 1 function" name="Function Format Tests.Test for multiple functions per file.When FileName &quot;Get-JCCommandTarget.ps1&quot; has exactly 1 function" time="0.0032" asserts="0" success="True" result="Success" executed="True" />
                </results>
              </test-suite>
              <test-suite type="TestFixture" name="Test that Connect-JCOnline exists in each Public function" executed="True" result="Success" success="True" time="0.0279" asserts="0" description="Test that Connect-JCOnline exists in each Public function">
                <results>
                  <test-case description="When FileName &quot;Get-JCCommandTarget.ps1&quot; does not contain &quot;Connect-JCOnline&quot;" name="Function Format Tests.Test that Connect-JCOnline exists in each Public function.When FileName &quot;Get-JCCommandTarget.ps1&quot; does not contain &quot;Connect-JCOnline&quot;" time="0.0022" asserts="0" success="True" result="Success" executed="True" />
                </results>
              </test-suite>
              <test-suite type="TestFixture" name="Test that the file name matches the function name" executed="True" result="Success" success="True" time="0.0348" asserts="0" description="Test that the file name matches the function name">
                <results>
                  <test-case description="When FileBaseName &quot;Remove-JCCommandTarget&quot; equal Function &quot;Remove-JCCommandTarget&quot; for file &quot;Remove-JCCommandTarget.ps1&quot;" name="Function Format Tests.Test that the file name matches the function name.When FileBaseName &quot;Remove-JCCommandTarget&quot; equal Function &quot;Remove-JCCommandTarget&quot; for file &quot;Remove-JCCommandTarget.ps1&quot;" time="0.002" asserts="0" success="True" result="Success" executed="True" />
                  <test-case description="When FileBaseName &quot;Remove-JCCommandTarget&quot; equal MatchValue &quot;Remove-JCCommandTarget&quot; for file &quot;Remove-JCCommandTarget.ps1&quot;" name="Function Format Tests.Test that the file name matches the function name.When FileBaseName &quot;Remove-JCCommandTarget&quot; equal MatchValue &quot;Remove-JCCommandTarget&quot; for file &quot;Remove-JCCommandTarget.ps1&quot;" time="0.0016" asserts="0" success="True" result="Success" executed="True" />
                </results>
              </test-suite>
              <test-suite type="TestFixture" name="Test for missing information" executed="True" result="Success" success="True" time="0.0243" asserts="0" description="Test for missing information">
                <results>
                  <test-case description="When FileName &quot;Remove-JCCommandTarget.ps1&quot; does not contain any functions" name="Function Format Tests.Test for missing information.When FileName &quot;Remove-JCCommandTarget.ps1&quot; does not contain any functions" time="0.0016" asserts="0" success="True" result="Success" executed="True" />
                </results>
              </test-suite>
              <test-suite type="TestFixture" name="Test for multiple functions per file" executed="True" result="Success" success="True" time="0.0387" asserts="0" description="Test for multiple functions per file">
                <results>
                  <test-case description="When FileName &quot;Remove-JCCommandTarget.ps1&quot; has exactly 1 function" name="Function Format Tests.Test for multiple functions per file.When FileName &quot;Remove-JCCommandTarget.ps1&quot; has exactly 1 function" time="0.0031" asserts="0" success="True" result="Success" executed="True" />
                </results>
              </test-suite>
              <test-suite type="TestFixture" name="Test that Connect-JCOnline exists in each Public function" executed="True" result="Success" success="True" time="0.0279" asserts="0" description="Test that Connect-JCOnline exists in each Public function">
                <results>
                  <test-case description="When FileName &quot;Remove-JCCommandTarget.ps1&quot; does not contain &quot;Connect-JCOnline&quot;" name="Function Format Tests.Test that Connect-JCOnline exists in each Public function.When FileName &quot;Remove-JCCommandTarget.ps1&quot; does not contain &quot;Connect-JCOnline&quot;" time="0.002" asserts="0" success="True" result="Success" executed="True" />
                </results>
              </test-suite>
              <test-suite type="TestFixture" name="Test that the file name matches the function name" executed="True" result="Success" success="True" time="0.0322" asserts="0" description="Test that the file name matches the function name">
                <results>
                  <test-case description="When FileBaseName &quot;Get-JCEvent&quot; equal Function &quot;Get-JCEvent&quot; for file &quot;Get-JCEvent.ps1&quot;" name="Function Format Tests.Test that the file name matches the function name.When FileBaseName &quot;Get-JCEvent&quot; equal Function &quot;Get-JCEvent&quot; for file &quot;Get-JCEvent.ps1&quot;" time="0.0022" asserts="0" success="True" result="Success" executed="True" />
                  <test-case description="When FileBaseName &quot;Get-JCEvent&quot; equal MatchValue &quot;Get-JCEvent&quot; for file &quot;Get-JCEvent.ps1&quot;" name="Function Format Tests.Test that the file name matches the function name.When FileBaseName &quot;Get-JCEvent&quot; equal MatchValue &quot;Get-JCEvent&quot; for file &quot;Get-JCEvent.ps1&quot;" time="0.0016" asserts="0" success="True" result="Success" executed="True" />
                </results>
              </test-suite>
              <test-suite type="TestFixture" name="Test for missing information" executed="True" result="Success" success="True" time="0.0258" asserts="0" description="Test for missing information">
                <results>
                  <test-case description="When FileName &quot;Get-JCEvent.ps1&quot; does not contain any functions" name="Function Format Tests.Test for missing information.When FileName &quot;Get-JCEvent.ps1&quot; does not contain any functions" time="0.0014" asserts="0" success="True" result="Success" executed="True" />
                </results>
              </test-suite>
              <test-suite type="TestFixture" name="Test for multiple functions per file" executed="True" result="Success" success="True" time="0.0329" asserts="0" description="Test for multiple functions per file">
                <results>
                  <test-case description="When FileName &quot;Get-JCEvent.ps1&quot; has exactly 1 function" name="Function Format Tests.Test for multiple functions per file.When FileName &quot;Get-JCEvent.ps1&quot; has exactly 1 function" time="0.0029" asserts="0" success="True" result="Success" executed="True" />
                </results>
              </test-suite>
              <test-suite type="TestFixture" name="Test that Connect-JCOnline exists in each Public function" executed="True" result="Success" success="True" time="0.0273" asserts="0" description="Test that Connect-JCOnline exists in each Public function">
                <results>
                  <test-case description="When FileName &quot;Get-JCEvent.ps1&quot; does not contain &quot;Connect-JCOnline&quot;" name="Function Format Tests.Test that Connect-JCOnline exists in each Public function.When FileName &quot;Get-JCEvent.ps1&quot; does not contain &quot;Connect-JCOnline&quot;" time="0.0022" asserts="0" success="True" result="Success" executed="True" />
                </results>
              </test-suite>
              <test-suite type="TestFixture" name="Test that the file name matches the function name" executed="True" result="Success" success="True" time="0.0301" asserts="0" description="Test that the file name matches the function name">
                <results>
                  <test-case description="When FileBaseName &quot;Get-JCGroup&quot; equal Function &quot;Get-JCGroup&quot; for file &quot;Get-JCGroup.ps1&quot;" name="Function Format Tests.Test that the file name matches the function name.When FileBaseName &quot;Get-JCGroup&quot; equal Function &quot;Get-JCGroup&quot; for file &quot;Get-JCGroup.ps1&quot;" time="0.0017" asserts="0" success="True" result="Success" executed="True" />
                  <test-case description="When FileBaseName &quot;Get-JCGroup&quot; equal MatchValue &quot;Get-JCGroup&quot; for file &quot;Get-JCGroup.ps1&quot;" name="Function Format Tests.Test that the file name matches the function name.When FileBaseName &quot;Get-JCGroup&quot; equal MatchValue &quot;Get-JCGroup&quot; for file &quot;Get-JCGroup.ps1&quot;" time="0.0022" asserts="0" success="True" result="Success" executed="True" />
                </results>
              </test-suite>
              <test-suite type="TestFixture" name="Test for missing information" executed="True" result="Success" success="True" time="0.0242" asserts="0" description="Test for missing information">
                <results>
                  <test-case description="When FileName &quot;Get-JCGroup.ps1&quot; does not contain any functions" name="Function Format Tests.Test for missing information.When FileName &quot;Get-JCGroup.ps1&quot; does not contain any functions" time="0.0012" asserts="0" success="True" result="Success" executed="True" />
                </results>
              </test-suite>
              <test-suite type="TestFixture" name="Test for multiple functions per file" executed="True" result="Success" success="True" time="0.0334" asserts="0" description="Test for multiple functions per file">
                <results>
                  <test-case description="When FileName &quot;Get-JCGroup.ps1&quot; has exactly 1 function" name="Function Format Tests.Test for multiple functions per file.When FileName &quot;Get-JCGroup.ps1&quot; has exactly 1 function" time="0.0035" asserts="0" success="True" result="Success" executed="True" />
                </results>
              </test-suite>
              <test-suite type="TestFixture" name="Test that Connect-JCOnline exists in each Public function" executed="True" result="Success" success="True" time="0.0259" asserts="0" description="Test that Connect-JCOnline exists in each Public function">
                <results>
                  <test-case description="When FileName &quot;Get-JCGroup.ps1&quot; does not contain &quot;Connect-JCOnline&quot;" name="Function Format Tests.Test that Connect-JCOnline exists in each Public function.When FileName &quot;Get-JCGroup.ps1&quot; does not contain &quot;Connect-JCOnline&quot;" time="0.0019" asserts="0" success="True" result="Success" executed="True" />
                </results>
              </test-suite>
              <test-suite type="TestFixture" name="Test that the file name matches the function name" executed="True" result="Success" success="True" time="0.0317" asserts="0" description="Test that the file name matches the function name">
                <results>
                  <test-case description="When FileBaseName &quot;Add-JCSystemGroupMember&quot; equal Function &quot;Add-JCSystemGroupMember&quot; for file &quot;Add-JCSystemGroupMember.ps1&quot;" name="Function Format Tests.Test that the file name matches the function name.When FileBaseName &quot;Add-JCSystemGroupMember&quot; equal Function &quot;Add-JCSystemGroupMember&quot; for file &quot;Add-JCSystemGroupMember.ps1&quot;" time="0.0019" asserts="0" success="True" result="Success" executed="True" />
                  <test-case description="When FileBaseName &quot;Add-JCSystemGroupMember&quot; equal MatchValue &quot;Add-JCSystemGroupMember&quot; for file &quot;Add-JCSystemGroupMember.ps1&quot;" name="Function Format Tests.Test that the file name matches the function name.When FileBaseName &quot;Add-JCSystemGroupMember&quot; equal MatchValue &quot;Add-JCSystemGroupMember&quot; for file &quot;Add-JCSystemGroupMember.ps1&quot;" time="0.0018" asserts="0" success="True" result="Success" executed="True" />
                </results>
              </test-suite>
              <test-suite type="TestFixture" name="Test for missing information" executed="True" result="Success" success="True" time="0.0282" asserts="0" description="Test for missing information">
                <results>
                  <test-case description="When FileName &quot;Add-JCSystemGroupMember.ps1&quot; does not contain any functions" name="Function Format Tests.Test for missing information.When FileName &quot;Add-JCSystemGroupMember.ps1&quot; does not contain any functions" time="0.0016" asserts="0" success="True" result="Success" executed="True" />
                </results>
              </test-suite>
              <test-suite type="TestFixture" name="Test for multiple functions per file" executed="True" result="Success" success="True" time="0.0264" asserts="0" description="Test for multiple functions per file">
                <results>
                  <test-case description="When FileName &quot;Add-JCSystemGroupMember.ps1&quot; has exactly 1 function" name="Function Format Tests.Test for multiple functions per file.When FileName &quot;Add-JCSystemGroupMember.ps1&quot; has exactly 1 function" time="0.0027" asserts="0" success="True" result="Success" executed="True" />
                </results>
              </test-suite>
              <test-suite type="TestFixture" name="Test that Connect-JCOnline exists in each Public function" executed="True" result="Success" success="True" time="0.0251" asserts="0" description="Test that Connect-JCOnline exists in each Public function">
                <results>
                  <test-case description="When FileName &quot;Add-JCSystemGroupMember.ps1&quot; does not contain &quot;Connect-JCOnline&quot;" name="Function Format Tests.Test that Connect-JCOnline exists in each Public function.When FileName &quot;Add-JCSystemGroupMember.ps1&quot; does not contain &quot;Connect-JCOnline&quot;" time="0.0023" asserts="0" success="True" result="Success" executed="True" />
                </results>
              </test-suite>
              <test-suite type="TestFixture" name="Test that the file name matches the function name" executed="True" result="Success" success="True" time="0.0341" asserts="0" description="Test that the file name matches the function name">
                <results>
                  <test-case description="When FileBaseName &quot;Get-JCSystemGroupMember&quot; equal Function &quot;Get-JCSystemGroupMember&quot; for file &quot;Get-JCSystemGroupMember.ps1&quot;" name="Function Format Tests.Test that the file name matches the function name.When FileBaseName &quot;Get-JCSystemGroupMember&quot; equal Function &quot;Get-JCSystemGroupMember&quot; for file &quot;Get-JCSystemGroupMember.ps1&quot;" time="0.0016" asserts="0" success="True" result="Success" executed="True" />
                  <test-case description="When FileBaseName &quot;Get-JCSystemGroupMember&quot; equal MatchValue &quot;Get-JCSystemGroupMember&quot; for file &quot;Get-JCSystemGroupMember.ps1&quot;" name="Function Format Tests.Test that the file name matches the function name.When FileBaseName &quot;Get-JCSystemGroupMember&quot; equal MatchValue &quot;Get-JCSystemGroupMember&quot; for file &quot;Get-JCSystemGroupMember.ps1&quot;" time="0.0017" asserts="0" success="True" result="Success" executed="True" />
                </results>
              </test-suite>
              <test-suite type="TestFixture" name="Test for missing information" executed="True" result="Success" success="True" time="0.0266" asserts="0" description="Test for missing information">
                <results>
                  <test-case description="When FileName &quot;Get-JCSystemGroupMember.ps1&quot; does not contain any functions" name="Function Format Tests.Test for missing information.When FileName &quot;Get-JCSystemGroupMember.ps1&quot; does not contain any functions" time="0.0013" asserts="0" success="True" result="Success" executed="True" />
                </results>
              </test-suite>
              <test-suite type="TestFixture" name="Test for multiple functions per file" executed="True" result="Success" success="True" time="0.0286" asserts="0" description="Test for multiple functions per file">
                <results>
[...]
        <results />
      </test-suite>
      <test-suite type="TestFixture" name="D:\a\1\s\PowerShell\JumpCloud Module\Tests\Public\Commands\CommandResults\Get-JCCommandResult.tests.ps1" executed="True" result="Success" success="True" time="0.0072" asserts="0" description="D:\a\1\s\PowerShell\JumpCloud Module\Tests\Public\Commands\CommandResults\Get-JCCommandResult.tests.ps1">
        <results />
      </test-suite>
      <test-suite type="TestFixture" name="D:\a\1\s\PowerShell\JumpCloud Module\Tests\Public\Commands\CommandResults\Remove-JCCommandResult.tests.ps1" executed="True" result="Success" success="True" time="0.0074" asserts="0" description="D:\a\1\s\PowerShell\JumpCloud Module\Tests\Public\Commands\CommandResults\Remove-JCCommandResult.tests.ps1">
        <results />
      </test-suite>
      <test-suite type="TestFixture" name="D:\a\1\s\PowerShell\JumpCloud Module\Tests\Public\Commands\CommandTargets\Add-JCCommandTarget.tests.ps1" executed="True" result="Success" success="True" time="0.0042" asserts="0" description="D:\a\1\s\PowerShell\JumpCloud Module\Tests\Public\Commands\CommandTargets\Add-JCCommandTarget.tests.ps1">
        <results />
      </test-suite>
      <test-suite type="TestFixture" name="D:\a\1\s\PowerShell\JumpCloud Module\Tests\Public\Commands\CommandTargets\Get-JCCommandTarget.tests.ps1" executed="True" result="Success" success="True" time="0.0042" asserts="0" description="D:\a\1\s\PowerShell\JumpCloud Module\Tests\Public\Commands\CommandTargets\Get-JCCommandTarget.tests.ps1">
        <results />
      </test-suite>
      <test-suite type="TestFixture" name="D:\a\1\s\PowerShell\JumpCloud Module\Tests\Public\Commands\CommandTargets\Remove-JCCommandTarget.tests.ps1" executed="True" result="Success" success="True" time="0.005" asserts="0" description="D:\a\1\s\PowerShell\JumpCloud Module\Tests\Public\Commands\CommandTargets\Remove-JCCommandTarget.tests.ps1">
        <results />
      </test-suite>
      <test-suite type="TestFixture" name="D:\a\1\s\PowerShell\JumpCloud Module\Tests\Public\Commands\Get-JCCommand.tests.ps1" executed="True" result="Success" success="True" time="0.0043" asserts="0" description="D:\a\1\s\PowerShell\JumpCloud Module\Tests\Public\Commands\Get-JCCommand.tests.ps1">
        <results />
      </test-suite>
      <test-suite type="TestFixture" name="D:\a\1\s\PowerShell\JumpCloud Module\Tests\Public\Commands\Import-JCCommand.tests.ps1" executed="True" result="Success" success="True" time="0.0037" asserts="0" description="D:\a\1\s\PowerShell\JumpCloud Module\Tests\Public\Commands\Import-JCCommand.tests.ps1">
        <results />
      </test-suite>
      <test-suite type="TestFixture" name="D:\a\1\s\PowerShell\JumpCloud Module\Tests\Public\Commands\Invoke-JCCommand.tests.ps1" executed="True" result="Success" success="True" time="0.0049" asserts="0" description="D:\a\1\s\PowerShell\JumpCloud Module\Tests\Public\Commands\Invoke-JCCommand.tests.ps1">
        <results />
      </test-suite>
      <test-suite type="TestFixture" name="D:\a\1\s\PowerShell\JumpCloud Module\Tests\Public\Commands\Invoke-JCDeployment.tests.ps1" executed="True" result="Success" success="True" time="0.0038" asserts="0" description="D:\a\1\s\PowerShell\JumpCloud Module\Tests\Public\Commands\Invoke-JCDeployment.tests.ps1">
        <results />
      </test-suite>
      <test-suite type="TestFixture" name="D:\a\1\s\PowerShell\JumpCloud Module\Tests\Public\Commands\New-JCCommand.tests.ps1" executed="True" result="Success" success="True" time="0.0042" asserts="0" description="D:\a\1\s\PowerShell\JumpCloud Module\Tests\Public\Commands\New-JCCommand.tests.ps1">
        <results />
      </test-suite>
      <test-suite type="TestFixture" name="D:\a\1\s\PowerShell\JumpCloud Module\Tests\Public\Commands\New-JCDeploymentTemplate.tests.ps1" executed="True" result="Success" success="True" time="0.0034" asserts="0" description="D:\a\1\s\PowerShell\JumpCloud Module\Tests\Public\Commands\New-JCDeploymentTemplate.tests.ps1">
        <results />
      </test-suite>
      <test-suite type="TestFixture" name="D:\a\1\s\PowerShell\JumpCloud Module\Tests\Public\Commands\Remove-JCCommand.tests.ps1" executed="True" result="Success" success="True" time="0.0042" asserts="0" description="D:\a\1\s\PowerShell\JumpCloud Module\Tests\Public\Commands\Remove-JCCommand.tests.ps1">
        <results />
      </test-suite>
      <test-suite type="TestFixture" name="D:\a\1\s\PowerShell\JumpCloud Module\Tests\Public\Commands\Set-JCCommand.tests.ps1" executed="True" result="Success" success="True" time="0.0042" asserts="0" description="D:\a\1\s\PowerShell\JumpCloud Module\Tests\Public\Commands\Set-JCCommand.tests.ps1">
        <results />
      </test-suite>
      <test-suite type="TestFixture" name="D:\a\1\s\PowerShell\JumpCloud Module\Tests\Public\DirectoryInsights\Get-JCEvent.Tests.ps1" executed="True" result="Success" success="True" time="0.0052" asserts="0" description="D:\a\1\s\PowerShell\JumpCloud Module\Tests\Public\DirectoryInsights\Get-JCEvent.Tests.ps1">
        <results />
      </test-suite>
      <test-suite type="TestFixture" name="D:\a\1\s\PowerShell\JumpCloud Module\Tests\Public\Groups\SystemGroups\Add-JCSystemGroupMember.tests.ps1" executed="True" result="Success" success="True" time="0.0045" asserts="0" description="D:\a\1\s\PowerShell\JumpCloud Module\Tests\Public\Groups\SystemGroups\Add-JCSystemGroupMember.tests.ps1">
        <results />
      </test-suite>
      <test-suite type="TestFixture" name="D:\a\1\s\PowerShell\JumpCloud Module\Tests\Public\Groups\SystemGroups\Get-JCSystemGroupMember.tests.ps1" executed="True" result="Success" success="True" time="0.0048" asserts="0" description="D:\a\1\s\PowerShell\JumpCloud Module\Tests\Public\Groups\SystemGroups\Get-JCSystemGroupMember.tests.ps1">
        <results />
      </test-suite>
      <test-suite type="TestFixture" name="D:\a\1\s\PowerShell\JumpCloud Module\Tests\Public\Groups\SystemGroups\New-JCSystemGroup.tests.ps1" executed="True" result="Success" success="True" time="0.0037" asserts="0" description="D:\a\1\s\PowerShell\JumpCloud Module\Tests\Public\Groups\SystemGroups\New-JCSystemGroup.tests.ps1">
        <results />
      </test-suite>
      <test-suite type="TestFixture" name="D:\a\1\s\PowerShell\JumpCloud Module\Tests\Public\Groups\SystemGroups\Remove-JCSystemGroup.tests.ps1" executed="True" result="Success" success="True" time="0.0041" asserts="0" description="D:\a\1\s\PowerShell\JumpCloud Module\Tests\Public\Groups\SystemGroups\Remove-JCSystemGroup.tests.ps1">
        <results />
      </test-suite>
      <test-suite type="TestFixture" name="D:\a\1\s\PowerShell\JumpCloud Module\Tests\Public\Groups\SystemGroups\Remove-JCSystemGroupMember.tests.ps1" executed="True" result="Success" success="True" time="0.0044" asserts="0" description="D:\a\1\s\PowerShell\JumpCloud Module\Tests\Public\Groups\SystemGroups\Remove-JCSystemGroupMember.tests.ps1">
        <results />
      </test-suite>
      <test-suite type="TestFixture" name="D:\a\1\s\PowerShell\JumpCloud Module\Tests\Public\Groups\UserGroups\Add-JCUserGroupMember.tests.ps1" executed="True" result="Success" success="True" time="0.0052" asserts="0" description="D:\a\1\s\PowerShell\JumpCloud Module\Tests\Public\Groups\UserGroups\Add-JCUserGroupMember.tests.ps1">
        <results />
      </test-suite>
      <test-suite type="TestFixture" name="D:\a\1\s\PowerShell\JumpCloud Module\Tests\Public\Groups\UserGroups\Get-JCUserGroupMember.tests.ps1" executed="True" result="Success" success="True" time="0.0092" asserts="0" description="D:\a\1\s\PowerShell\JumpCloud Module\Tests\Public\Groups\UserGroups\Get-JCUserGroupMember.tests.ps1">
        <results />
      </test-suite>
      <test-suite type="TestFixture" name="D:\a\1\s\PowerShell\JumpCloud Module\Tests\Public\Groups\UserGroups\New-JCUserGroup.tests.ps1" executed="True" result="Success" success="True" time="0.0037" asserts="0" description="D:\a\1\s\PowerShell\JumpCloud Module\Tests\Public\Groups\UserGroups\New-JCUserGroup.tests.ps1">
        <results />
      </test-suite>
      <test-suite type="TestFixture" name="D:\a\1\s\PowerShell\JumpCloud Module\Tests\Public\Groups\UserGroups\Remove-JCUserGroup.tests.ps1" executed="True" result="Success" success="True" time="0.0043" asserts="0" description="D:\a\1\s\PowerShell\JumpCloud Module\Tests\Public\Groups\UserGroups\Remove-JCUserGroup.tests.ps1">
        <results />
      </test-suite>
      <test-suite type="TestFixture" name="D:\a\1\s\PowerShell\JumpCloud Module\Tests\Public\Groups\UserGroups\Remove-JCUserGroupMember.tests.ps1" executed="True" result="Success" success="True" time="0.0042" asserts="0" description="D:\a\1\s\PowerShell\JumpCloud Module\Tests\Public\Groups\UserGroups\Remove-JCUserGroupMember.tests.ps1">
        <results />
      </test-suite>
      <test-suite type="TestFixture" name="D:\a\1\s\PowerShell\JumpCloud Module\Tests\Public\Groups\UserGroups\Set-JCUserGroupLDAP.tests.ps1" executed="True" result="Success" success="True" time="0.0041" asserts="0" description="D:\a\1\s\PowerShell\JumpCloud Module\Tests\Public\Groups\UserGroups\Set-JCUserGroupLDAP.tests.ps1">
        <results />
      </test-suite>
      <test-suite type="TestFixture" name="D:\a\1\s\PowerShell\JumpCloud Module\Tests\Public\Groups\Get-JCGroup.tests.ps1" executed="True" result="Success" success="True" time="0.0063" asserts="0" description="D:\a\1\s\PowerShell\JumpCloud Module\Tests\Public\Groups\Get-JCGroup.tests.ps1">
        <results />
      </test-suite>
      <test-suite type="TestFixture" name="D:\a\1\s\PowerShell\JumpCloud Module\Tests\Public\Policies\PolicyResults\Get-JCPolicyResult.tests.ps1" executed="True" result="Success" success="True" time="0.012" asserts="0" description="D:\a\1\s\PowerShell\JumpCloud Module\Tests\Public\Policies\PolicyResults\Get-JCPolicyResult.tests.ps1">
        <results />
      </test-suite>
      <test-suite type="TestFixture" name="D:\a\1\s\PowerShell\JumpCloud Module\Tests\Public\Policies\PolicyTargets\Get-JCPolicyTargetGroup.tests.ps1" executed="True" result="Success" success="True" time="0.0041" asserts="0" description="D:\a\1\s\PowerShell\JumpCloud Module\Tests\Public\Policies\PolicyTargets\Get-JCPolicyTargetGroup.tests.ps1">
        <results />
      </test-suite>
      <test-suite type="TestFixture" name="D:\a\1\s\PowerShell\JumpCloud Module\Tests\Public\Policies\PolicyTargets\Get-JCPolicyTargetSystem.tests.ps1" executed="True" result="Success" success="True" time="0.0039" asserts="0" description="D:\a\1\s\PowerShell\JumpCloud Module\Tests\Public\Policies\PolicyTargets\Get-JCPolicyTargetSystem.tests.ps1">
        <results />
      </test-suite>
      <test-suite type="TestFixture" name="D:\a\1\s\PowerShell\JumpCloud Module\Tests\Public\Policies\Get-JCPolicy.tests.ps1" executed="True" result="Success" success="True" time="0.0044" asserts="0" description="D:\a\1\s\PowerShell\JumpCloud Module\Tests\Public\Policies\Get-JCPolicy.tests.ps1">
        <results />
      </test-suite>
      <test-suite type="TestFixture" name="D:\a\1\s\PowerShell\JumpCloud Module\Tests\Public\RadiusServer\Add-JCRadiusReplyAttribute.tests.ps1" executed="True" result="Success" success="True" time="0.0051" asserts="0" description="D:\a\1\s\PowerShell\JumpCloud Module\Tests\Public\RadiusServer\Add-JCRadiusReplyAttribute.tests.ps1">
        <results />
      </test-suite>
      <test-suite type="TestFixture" name="D:\a\1\s\PowerShell\JumpCloud Module\Tests\Public\RadiusServer\Get-JCRadiusReplyAttribute.tests.ps1" executed="True" result="Success" success="True" time="0.0048" asserts="0" description="D:\a\1\s\PowerShell\JumpCloud Module\Tests\Public\RadiusServer\Get-JCRadiusReplyAttribute.tests.ps1">
        <results />
      </test-suite>
      <test-suite type="TestFixture" name="D:\a\1\s\PowerShell\JumpCloud Module\Tests\Public\RadiusServer\Get-JCRadiusServer.Tests.ps1" executed="True" result="Success" success="True" time="0.0044" asserts="0" description="D:\a\1\s\PowerShell\JumpCloud Module\Tests\Public\RadiusServer\Get-JCRadiusServer.Tests.ps1">
        <results />
      </test-suite>
      <test-suite type="TestFixture" name="D:\a\1\s\PowerShell\JumpCloud Module\Tests\Public\RadiusServer\New-JCRadiusServer.Tests.ps1" executed="True" result="Success" success="True" time="0.0033" asserts="0" description="D:\a\1\s\PowerShell\JumpCloud Module\Tests\Public\RadiusServer\New-JCRadiusServer.Tests.ps1">
        <results />
      </test-suite>
      <test-suite type="TestFixture" name="D:\a\1\s\PowerShell\JumpCloud Module\Tests\Public\RadiusServer\Remove-JCRadiusReplyAttribute.tests.ps1" executed="True" result="Success" success="True" time="0.0044" asserts="0" description="D:\a\1\s\PowerShell\JumpCloud Module\Tests\Public\RadiusServer\Remove-JCRadiusReplyAttribute.tests.ps1">
        <results />
      </test-suite>
      <test-suite type="TestFixture" name="D:\a\1\s\PowerShell\JumpCloud Module\Tests\Public\RadiusServer\Remove-JCRadiusServer.Tests.ps1" executed="True" result="Success" success="True" time="0.0027" asserts="0" description="D:\a\1\s\PowerShell\JumpCloud Module\Tests\Public\RadiusServer\Remove-JCRadiusServer.Tests.ps1">
        <results />
      </test-suite>
      <test-suite type="TestFixture" name="D:\a\1\s\PowerShell\JumpCloud Module\Tests\Public\RadiusServer\Set-JCRadiusReplyAttribute.tests.ps1" executed="True" result="Success" success="True" time="0.0046" asserts="0" description="D:\a\1\s\PowerShell\JumpCloud Module\Tests\Public\RadiusServer\Set-JCRadiusReplyAttribute.tests.ps1">
        <results />
      </test-suite>
      <test-suite type="TestFixture" name="D:\a\1\s\PowerShell\JumpCloud Module\Tests\Public\RadiusServer\Set-JCRadiusServer.Tests.ps1" executed="True" result="Success" success="True" time="0.0048" asserts="0" description="D:\a\1\s\PowerShell\JumpCloud Module\Tests\Public\RadiusServer\Set-JCRadiusServer.Tests.ps1">
        <results />
      </test-suite>
      <test-suite type="TestFixture" name="D:\a\1\s\PowerShell\JumpCloud Module\Tests\Public\Systems\Get-JCSystem.tests.ps1" executed="True" result="Success" success="True" time="0.0071" asserts="0" description="D:\a\1\s\PowerShell\JumpCloud Module\Tests\Public\Systems\Get-JCSystem.tests.ps1">
        <results />
      </test-suite>
      <test-suite type="TestFixture" name="D:\a\1\s\PowerShell\JumpCloud Module\Tests\Public\Systems\Get-JCSystemInsights.Tests.ps1" executed="True" result="Success" success="True" time="0.007" asserts="0" description="D:\a\1\s\PowerShell\JumpCloud Module\Tests\Public\Systems\Get-JCSystemInsights.Tests.ps1">
        <results />
      </test-suite>
      <test-suite type="TestFixture" name="D:\a\1\s\PowerShell\JumpCloud Module\Tests\Public\Systems\Remove-JCSystem.tests.ps1" executed="True" result="Success" success="True" time="0.003" asserts="0" description="D:\a\1\s\PowerShell\JumpCloud Module\Tests\Public\Systems\Remove-JCSystem.tests.ps1">
        <results />
      </test-suite>
      <test-suite type="TestFixture" name="D:\a\1\s\PowerShell\JumpCloud Module\Tests\Public\Systems\Set-JCSystem.tests.ps1" executed="True" result="Success" success="True" time="0.0044" asserts="0" description="D:\a\1\s\PowerShell\JumpCloud Module\Tests\Public\Systems\Set-JCSystem.tests.ps1">
        <results />
      </test-suite>
      <test-suite type="TestFixture" name="D:\a\1\s\PowerShell\JumpCloud Module\Tests\Public\SystemUsers\Add-JCSystemUser.tests.ps1" executed="True" result="Success" success="True" time="0.0051" asserts="0" description="D:\a\1\s\PowerShell\JumpCloud Module\Tests\Public\SystemUsers\Add-JCSystemUser.tests.ps1">
        <results />
      </test-suite>
      <test-suite type="TestFixture" name="D:\a\1\s\PowerShell\JumpCloud Module\Tests\Public\SystemUsers\Get-JCSystemUser.tests.ps1" executed="True" result="Success" success="True" time="0.0038" asserts="0" description="D:\a\1\s\PowerShell\JumpCloud Module\Tests\Public\SystemUsers\Get-JCSystemUser.tests.ps1">
        <results />
      </test-suite>
      <test-suite type="TestFixture" name="D:\a\1\s\PowerShell\JumpCloud Module\Tests\Public\SystemUsers\Remove-JCSystemUser.tests.ps1" executed="True" result="Success" success="True" time="0.0046" asserts="0" description="D:\a\1\s\PowerShell\JumpCloud Module\Tests\Public\SystemUsers\Remove-JCSystemUser.tests.ps1">
        <results />
      </test-suite>
      <test-suite type="TestFixture" name="D:\a\1\s\PowerShell\JumpCloud Module\Tests\Public\SystemUsers\Set-JCSystemUser.tests.ps1" executed="True" result="Success" success="True" time="0.0041" asserts="0" description="D:\a\1\s\PowerShell\JumpCloud Module\Tests\Public\SystemUsers\Set-JCSystemUser.tests.ps1">
        <results />
      </test-suite>
      <test-suite type="TestFixture" name="D:\a\1\s\PowerShell\JumpCloud Module\Tests\Public\Users\Get-JCUser.tests.ps1" executed="True" result="Success" success="True" time="0.0103" asserts="0" description="D:\a\1\s\PowerShell\JumpCloud Module\Tests\Public\Users\Get-JCUser.tests.ps1">
        <results />
      </test-suite>
      <test-suite type="TestFixture" name="D:\a\1\s\PowerShell\JumpCloud Module\Tests\Public\Users\New-JCUser.tests.ps1" executed="True" result="Success" success="True" time="0.0198" asserts="0" description="D:\a\1\s\PowerShell\JumpCloud Module\Tests\Public\Users\New-JCUser.tests.ps1">
        <results />
      </test-suite>
      <test-suite type="TestFixture" name="D:\a\1\s\PowerShell\JumpCloud Module\Tests\Public\Users\Remove-JCUser.tests.ps1" executed="True" result="Success" success="True" time="0.0048" asserts="0" description="D:\a\1\s\PowerShell\JumpCloud Module\Tests\Public\Users\Remove-JCUser.tests.ps1">
        <results />
      </test-suite>
      <test-suite type="TestFixture" name="D:\a\1\s\PowerShell\JumpCloud Module\Tests\Public\Users\Set-JCUser.tests.ps1" executed="True" result="Success" success="True" time="0.0243" asserts="0" description="D:\a\1\s\PowerShell\JumpCloud Module\Tests\Public\Users\Set-JCUser.tests.ps1">
        <results />
      </test-suite>
      <test-suite type="TestFixture" name="D:\a\1\s\PowerShell\JumpCloud Module\Tests\Public\Utilities\CSV_Import\Import-JCUsersFromCSV.tests.ps1" executed="True" result="Success" success="True" time="0.0086" asserts="0" description="D:\a\1\s\PowerShell\JumpCloud Module\Tests\Public\Utilities\CSV_Import\Import-JCUsersFromCSV.tests.ps1">
        <results />
      </test-suite>
      <test-suite type="TestFixture" name="D:\a\1\s\PowerShell\JumpCloud Module\Tests\Public\Utilities\CSV_Import\New-JCImportTemplate.tests.ps1" executed="True" result="Success" success="True" time="0.0032" asserts="0" description="D:\a\1\s\PowerShell\JumpCloud Module\Tests\Public\Utilities\CSV_Import\New-JCImportTemplate.tests.ps1">
        <results />
      </test-suite>
      <test-suite type="TestFixture" name="D:\a\1\s\PowerShell\JumpCloud Module\Tests\Public\Utilities\CSV_Import\Update-JCUsersFromCSV.tests.ps1" executed="True" result="Success" success="True" time="0.0086" asserts="0" description="D:\a\1\s\PowerShell\JumpCloud Module\Tests\Public\Utilities\CSV_Import\Update-JCUsersFromCSV.tests.ps1">
        <results />
      </test-suite>
      <test-suite type="TestFixture" name="D:\a\1\s\PowerShell\JumpCloud Module\Tests\Public\Utilities\Get-JCBackup.tests.ps1" executed="True" result="Success" success="True" time="0.0042" asserts="0" description="D:\a\1\s\PowerShell\JumpCloud Module\Tests\Public\Utilities\Get-JCBackup.tests.ps1">
        <results />
      </test-suite>
      <test-suite type="TestFixture" name="D:\a\1\s\PowerShell\JumpCloud Module\Tests\Public\Utilities\Send-JCPasswordReset.tests.ps1" executed="True" result="Success" success="True" time="0.0037" asserts="0" description="D:\a\1\s\PowerShell\JumpCloud Module\Tests\Public\Utilities\Send-JCPasswordReset.tests.ps1">
        <results />
      </test-suite>
    </results>
  </test-suite>
</test-results>