<?xml version="1.0" encoding="utf-8" standalone="no"?>
<test-results xmlns:xsi="http://www.w3.org/2001/XMLSchema-instance" xsi:noNamespaceSchemaLocation="nunit_schema_2.5.xsd" name="Pester" total="736" errors="0" failures="0" not-run="0" inconclusive="0" ignored="0" skipped="0" invalid="0" date="2019-07-09" time="18:56:39">
  <environment user="VssAdministrator" machine-name="fv-az352" cwd="D:\a\1\s" user-domain="fv-az352" platform="Microsoft Windows Server 2016 Datacenter|C:\windows|\Device\Harddisk0\Partition2" nunit-version="2.5.8.0" os-version="10.0.14393" clr-version="4.0.30319.42000" />
  <culture-info current-culture="en-US" current-uiculture="en-US" />
  <test-suite type="TestFixture" name="Pester" executed="True" result="Success" success="True" time="21.3062" asserts="0" description="Pester">
    <results>
      <test-suite type="TestFixture" name="D:\a\1\s\PowerShell\JumpCloud Module\Tests\ModuleValidation\FunctionFiles.Tests.ps1" executed="True" result="Success" success="True" time="19.0993" asserts="0" description="D:\a\1\s\PowerShell\JumpCloud Module\Tests\ModuleValidation\FunctionFiles.Tests.ps1">
        <results>
          <test-suite type="TestFixture" name="Function Format Tests" executed="True" result="Success" success="True" time="19.0189" asserts="0" description="Function Format Tests">
            <results>
              <test-suite type="TestFixture" name="Test that the file name matches the function name" executed="True" result="Success" success="True" time="0.4452" asserts="0" description="Test that the file name matches the function name">
                <results>
                  <test-case description="When FileBaseName &quot;Add-JCAssociation&quot; equal Function &quot;Add-JCAssociation&quot; for file &quot;Add-JCAssociation.ps1&quot;" name="Function Format Tests.Test that the file name matches the function name.When FileBaseName &quot;Add-JCAssociation&quot; equal Function &quot;Add-JCAssociation&quot; for file &quot;Add-JCAssociation.ps1&quot;" time="0.1127" asserts="0" success="True" result="Success" executed="True" />
                  <test-case description="When FileBaseName &quot;Add-JCAssociation&quot; equal MatchValue &quot;Add-JCAssociation&quot; for file &quot;Add-JCAssociation.ps1&quot;" name="Function Format Tests.Test that the file name matches the function name.When FileBaseName &quot;Add-JCAssociation&quot; equal MatchValue &quot;Add-JCAssociation&quot; for file &quot;Add-JCAssociation.ps1&quot;" time="0.0038" asserts="0" success="True" result="Success" executed="True" />
                </results>
              </test-suite>
              <test-suite type="TestFixture" name="Test for missing information" executed="True" result="Success" success="True" time="0.0746" asserts="0" description="Test for missing information">
                <results>
                  <test-case description="When FileName &quot;Add-JCAssociation.ps1&quot; does not contain any functions" name="Function Format Tests.Test for missing information.When FileName &quot;Add-JCAssociation.ps1&quot; does not contain any functions" time="0.0104" asserts="0" success="True" result="Success" executed="True" />
                </results>
              </test-suite>
              <test-suite type="TestFixture" name="Test for multiple functions per file" executed="True" result="Success" success="True" time="0.0577" asserts="0" description="Test for multiple functions per file">
                <results>
                  <test-case description="When FileName &quot;Add-JCAssociation.ps1&quot; has exactly 1 function" name="Function Format Tests.Test for multiple functions per file.When FileName &quot;Add-JCAssociation.ps1&quot; has exactly 1 function" time="0.014" asserts="0" success="True" result="Success" executed="True" />
                </results>
              </test-suite>
              <test-suite type="TestFixture" name="Test that the file name matches the function name" executed="True" result="Success" success="True" time="0.0528" asserts="0" description="Test that the file name matches the function name">
                <results>
                  <test-case description="When FileBaseName &quot;Get-JCAssociation&quot; equal Function &quot;Get-JCAssociation&quot; for file &quot;Get-JCAssociation.ps1&quot;" name="Function Format Tests.Test that the file name matches the function name.When FileBaseName &quot;Get-JCAssociation&quot; equal Function &quot;Get-JCAssociation&quot; for file &quot;Get-JCAssociation.ps1&quot;" time="0.0034" asserts="0" success="True" result="Success" executed="True" />
                  <test-case description="When FileBaseName &quot;Get-JCAssociation&quot; equal MatchValue &quot;Get-JCAssociation&quot; for file &quot;Get-JCAssociation.ps1&quot;" name="Function Format Tests.Test that the file name matches the function name.When FileBaseName &quot;Get-JCAssociation&quot; equal MatchValue &quot;Get-JCAssociation&quot; for file &quot;Get-JCAssociation.ps1&quot;" time="0.0031" asserts="0" success="True" result="Success" executed="True" />
                </results>
              </test-suite>
              <test-suite type="TestFixture" name="Test for missing information" executed="True" result="Success" success="True" time="0.0404" asserts="0" description="Test for missing information">
                <results>
                  <test-case description="When FileName &quot;Get-JCAssociation.ps1&quot; does not contain any functions" name="Function Format Tests.Test for missing information.When FileName &quot;Get-JCAssociation.ps1&quot; does not contain any functions" time="0.0027" asserts="0" success="True" result="Success" executed="True" />
                </results>
              </test-suite>
              <test-suite type="TestFixture" name="Test for multiple functions per file" executed="True" result="Success" success="True" time="0.0501" asserts="0" description="Test for multiple functions per file">
                <results>
                  <test-case description="When FileName &quot;Get-JCAssociation.ps1&quot; has exactly 1 function" name="Function Format Tests.Test for multiple functions per file.When FileName &quot;Get-JCAssociation.ps1&quot; has exactly 1 function" time="0.0056" asserts="0" success="True" result="Success" executed="True" />
                </results>
              </test-suite>
              <test-suite type="TestFixture" name="Test that the file name matches the function name" executed="True" result="Success" success="True" time="0.0651" asserts="0" description="Test that the file name matches the function name">
                <results>
                  <test-case description="When FileBaseName &quot;Remove-JCAssociation&quot; equal Function &quot;Remove-JCAssociation&quot; for file &quot;Remove-JCAssociation.ps1&quot;" name="Function Format Tests.Test that the file name matches the function name.When FileBaseName &quot;Remove-JCAssociation&quot; equal Function &quot;Remove-JCAssociation&quot; for file &quot;Remove-JCAssociation.ps1&quot;" time="0.0033" asserts="0" success="True" result="Success" executed="True" />
                  <test-case description="When FileBaseName &quot;Remove-JCAssociation&quot; equal MatchValue &quot;Remove-JCAssociation&quot; for file &quot;Remove-JCAssociation.ps1&quot;" name="Function Format Tests.Test that the file name matches the function name.When FileBaseName &quot;Remove-JCAssociation&quot; equal MatchValue &quot;Remove-JCAssociation&quot; for file &quot;Remove-JCAssociation.ps1&quot;" time="0.0033" asserts="0" success="True" result="Success" executed="True" />
                </results>
              </test-suite>
              <test-suite type="TestFixture" name="Test for missing information" executed="True" result="Success" success="True" time="0.1888" asserts="0" description="Test for missing information">
                <results>
                  <test-case description="When FileName &quot;Remove-JCAssociation.ps1&quot; does not contain any functions" name="Function Format Tests.Test for missing information.When FileName &quot;Remove-JCAssociation.ps1&quot; does not contain any functions" time="0.0027" asserts="0" success="True" result="Success" executed="True" />
                </results>
              </test-suite>
              <test-suite type="TestFixture" name="Test for multiple functions per file" executed="True" result="Success" success="True" time="0.0428" asserts="0" description="Test for multiple functions per file">
                <results>
                  <test-case description="When FileName &quot;Remove-JCAssociation.ps1&quot; has exactly 1 function" name="Function Format Tests.Test for multiple functions per file.When FileName &quot;Remove-JCAssociation.ps1&quot; has exactly 1 function" time="0.0057" asserts="0" success="True" result="Success" executed="True" />
                </results>
              </test-suite>
              <test-suite type="TestFixture" name="Test that the file name matches the function name" executed="True" result="Success" success="True" time="0.0539" asserts="0" description="Test that the file name matches the function name">
                <results>
                  <test-case description="When FileBaseName &quot;Connect-JCOnline&quot; equal Function &quot;Connect-JCOnline&quot; for file &quot;Connect-JCOnline.ps1&quot;" name="Function Format Tests.Test that the file name matches the function name.When FileBaseName &quot;Connect-JCOnline&quot; equal Function &quot;Connect-JCOnline&quot; for file &quot;Connect-JCOnline.ps1&quot;" time="0.0036" asserts="0" success="True" result="Success" executed="True" />
                  <test-case description="When FileBaseName &quot;Connect-JCOnline&quot; equal MatchValue &quot;Connect-JCOnline&quot; for file &quot;Connect-JCOnline.ps1&quot;" name="Function Format Tests.Test that the file name matches the function name.When FileBaseName &quot;Connect-JCOnline&quot; equal MatchValue &quot;Connect-JCOnline&quot; for file &quot;Connect-JCOnline.ps1&quot;" time="0.0033" asserts="0" success="True" result="Success" executed="True" />
                </results>
              </test-suite>
              <test-suite type="TestFixture" name="Test for missing information" executed="True" result="Success" success="True" time="0.0511" asserts="0" description="Test for missing information">
                <results>
                  <test-case description="When FileName &quot;Connect-JCOnline.ps1&quot; does not contain any functions" name="Function Format Tests.Test for missing information.When FileName &quot;Connect-JCOnline.ps1&quot; does not contain any functions" time="0.0025" asserts="0" success="True" result="Success" executed="True" />
                </results>
              </test-suite>
              <test-suite type="TestFixture" name="Test for multiple functions per file" executed="True" result="Success" success="True" time="0.0452" asserts="0" description="Test for multiple functions per file">
                <results>
                  <test-case description="When FileName &quot;Connect-JCOnline.ps1&quot; has exactly 1 function" name="Function Format Tests.Test for multiple functions per file.When FileName &quot;Connect-JCOnline.ps1&quot; has exactly 1 function" time="0.0059" asserts="0" success="True" result="Success" executed="True" />
                </results>
              </test-suite>
              <test-suite type="TestFixture" name="Test that the file name matches the function name" executed="True" result="Success" success="True" time="0.0892" asserts="0" description="Test that the file name matches the function name">
                <results>
                  <test-case description="When FileBaseName &quot;Get-JCOrganization&quot; equal Function &quot;Get-JCOrganization&quot; for file &quot;Get-JCOrganization.ps1&quot;" name="Function Format Tests.Test that the file name matches the function name.When FileBaseName &quot;Get-JCOrganization&quot; equal Function &quot;Get-JCOrganization&quot; for file &quot;Get-JCOrganization.ps1&quot;" time="0.0033" asserts="0" success="True" result="Success" executed="True" />
                  <test-case description="When FileBaseName &quot;Get-JCOrganization&quot; equal MatchValue &quot;Get-JCOrganization&quot; for file &quot;Get-JCOrganization.ps1&quot;" name="Function Format Tests.Test that the file name matches the function name.When FileBaseName &quot;Get-JCOrganization&quot; equal MatchValue &quot;Get-JCOrganization&quot; for file &quot;Get-JCOrganization.ps1&quot;" time="0.0033" asserts="0" success="True" result="Success" executed="True" />
                </results>
              </test-suite>
              <test-suite type="TestFixture" name="Test for missing information" executed="True" result="Success" success="True" time="0.0389" asserts="0" description="Test for missing information">
                <results>
                  <test-case description="When FileName &quot;Get-JCOrganization.ps1&quot; does not contain any functions" name="Function Format Tests.Test for missing information.When FileName &quot;Get-JCOrganization.ps1&quot; does not contain any functions" time="0.0025" asserts="0" success="True" result="Success" executed="True" />
                </results>
              </test-suite>
              <test-suite type="TestFixture" name="Test for multiple functions per file" executed="True" result="Success" success="True" time="0.0722" asserts="0" description="Test for multiple functions per file">
                <results>
                  <test-case description="When FileName &quot;Get-JCOrganization.ps1&quot; has exactly 1 function" name="Function Format Tests.Test for multiple functions per file.When FileName &quot;Get-JCOrganization.ps1&quot; has exactly 1 function" time="0.0057" asserts="0" success="True" result="Success" executed="True" />
                </results>
              </test-suite>
              <test-suite type="TestFixture" name="Test that the file name matches the function name" executed="True" result="Success" success="True" time="0.099" asserts="0" description="Test that the file name matches the function name">
                <results>
                  <test-case description="When FileBaseName &quot;Set-JCOrganization&quot; equal Function &quot;Set-JCOrganization&quot; for file &quot;Set-JCOrganization.ps1&quot;" name="Function Format Tests.Test that the file name matches the function name.When FileBaseName &quot;Set-JCOrganization&quot; equal Function &quot;Set-JCOrganization&quot; for file &quot;Set-JCOrganization.ps1&quot;" time="0.0031" asserts="0" success="True" result="Success" executed="True" />
                  <test-case description="When FileBaseName &quot;Set-JCOrganization&quot; equal MatchValue &quot;Set-JCOrganization&quot; for file &quot;Set-JCOrganization.ps1&quot;" name="Function Format Tests.Test that the file name matches the function name.When FileBaseName &quot;Set-JCOrganization&quot; equal MatchValue &quot;Set-JCOrganization&quot; for file &quot;Set-JCOrganization.ps1&quot;" time="0.003" asserts="0" success="True" result="Success" executed="True" />
                </results>
              </test-suite>
              <test-suite type="TestFixture" name="Test for missing information" executed="True" result="Success" success="True" time="0.04" asserts="0" description="Test for missing information">
                <results>
                  <test-case description="When FileName &quot;Set-JCOrganization.ps1&quot; does not contain any functions" name="Function Format Tests.Test for missing information.When FileName &quot;Set-JCOrganization.ps1&quot; does not contain any functions" time="0.0026" asserts="0" success="True" result="Success" executed="True" />
                </results>
              </test-suite>
              <test-suite type="TestFixture" name="Test for multiple functions per file" executed="True" result="Success" success="True" time="0.0424" asserts="0" description="Test for multiple functions per file">
                <results>
                  <test-case description="When FileName &quot;Set-JCOrganization.ps1&quot; has exactly 1 function" name="Function Format Tests.Test for multiple functions per file.When FileName &quot;Set-JCOrganization.ps1&quot; has exactly 1 function" time="0.0056" asserts="0" success="True" result="Success" executed="True" />
                </results>
              </test-suite>
              <test-suite type="TestFixture" name="Test that the file name matches the function name" executed="True" result="Success" success="True" time="0.0567" asserts="0" description="Test that the file name matches the function name">
                <results>
                  <test-case description="When FileBaseName &quot;Get-JCCommand&quot; equal Function &quot;Get-JCCommand&quot; for file &quot;Get-JCCommand.ps1&quot;" name="Function Format Tests.Test that the file name matches the function name.When FileBaseName &quot;Get-JCCommand&quot; equal Function &quot;Get-JCCommand&quot; for file &quot;Get-JCCommand.ps1&quot;" time="0.0034" asserts="0" success="True" result="Success" executed="True" />
                  <test-case description="When FileBaseName &quot;Get-JCCommand&quot; equal MatchValue &quot;Get-JCCommand&quot; for file &quot;Get-JCCommand.ps1&quot;" name="Function Format Tests.Test that the file name matches the function name.When FileBaseName &quot;Get-JCCommand&quot; equal MatchValue &quot;Get-JCCommand&quot; for file &quot;Get-JCCommand.ps1&quot;" time="0.003" asserts="0" success="True" result="Success" executed="True" />
                </results>
              </test-suite>
              <test-suite type="TestFixture" name="Test for missing information" executed="True" result="Success" success="True" time="0.1088" asserts="0" description="Test for missing information">
                <results>
                  <test-case description="When FileName &quot;Get-JCCommand.ps1&quot; does not contain any functions" name="Function Format Tests.Test for missing information.When FileName &quot;Get-JCCommand.ps1&quot; does not contain any functions" time="0.0031" asserts="0" success="True" result="Success" executed="True" />
                </results>
              </test-suite>
              <test-suite type="TestFixture" name="Test for multiple functions per file" executed="True" result="Success" success="True" time="0.0457" asserts="0" description="Test for multiple functions per file">
                <results>
                  <test-case description="When FileName &quot;Get-JCCommand.ps1&quot; has exactly 1 function" name="Function Format Tests.Test for multiple functions per file.When FileName &quot;Get-JCCommand.ps1&quot; has exactly 1 function" time="0.0056" asserts="0" success="True" result="Success" executed="True" />
                </results>
              </test-suite>
              <test-suite type="TestFixture" name="Test that the file name matches the function name" executed="True" result="Success" success="True" time="0.0505" asserts="0" description="Test that the file name matches the function name">
                <results>
                  <test-case description="When FileBaseName &quot;Import-JCCommand&quot; equal Function &quot;Import-JCCommand&quot; for file &quot;Import-JCCommand.ps1&quot;" name="Function Format Tests.Test that the file name matches the function name.When FileBaseName &quot;Import-JCCommand&quot; equal Function &quot;Import-JCCommand&quot; for file &quot;Import-JCCommand.ps1&quot;" time="0.0032" asserts="0" success="True" result="Success" executed="True" />
                  <test-case description="When FileBaseName &quot;Import-JCCommand&quot; equal MatchValue &quot;Import-JCCommand&quot; for file &quot;Import-JCCommand.ps1&quot;" name="Function Format Tests.Test that the file name matches the function name.When FileBaseName &quot;Import-JCCommand&quot; equal MatchValue &quot;Import-JCCommand&quot; for file &quot;Import-JCCommand.ps1&quot;" time="0.0033" asserts="0" success="True" result="Success" executed="True" />
                </results>
              </test-suite>
              <test-suite type="TestFixture" name="Test for missing information" executed="True" result="Success" success="True" time="0.0505" asserts="0" description="Test for missing information">
                <results>
                  <test-case description="When FileName &quot;Import-JCCommand.ps1&quot; does not contain any functions" name="Function Format Tests.Test for missing information.When FileName &quot;Import-JCCommand.ps1&quot; does not contain any functions" time="0.0027" asserts="0" success="True" result="Success" executed="True" />
                </results>
              </test-suite>
              <test-suite type="TestFixture" name="Test for multiple functions per file" executed="True" result="Success" success="True" time="0.0442" asserts="0" description="Test for multiple functions per file">
                <results>
                  <test-case description="When FileName &quot;Import-JCCommand.ps1&quot; has exactly 1 function" name="Function Format Tests.Test for multiple functions per file.When FileName &quot;Import-JCCommand.ps1&quot; has exactly 1 function" time="0.0053" asserts="0" success="True" result="Success" executed="True" />
                </results>
              </test-suite>
              <test-suite type="TestFixture" name="Test that the file name matches the function name" executed="True" result="Success" success="True" time="0.4276" asserts="0" description="Test that the file name matches the function name">
                <results>
                  <test-case description="When FileBaseName &quot;Invoke-JCCommand&quot; equal Function &quot;Invoke-JCCommand&quot; for file &quot;Invoke-JCCommand.ps1&quot;" name="Function Format Tests.Test that the file name matches the function name.When FileBaseName &quot;Invoke-JCCommand&quot; equal Function &quot;Invoke-JCCommand&quot; for file &quot;Invoke-JCCommand.ps1&quot;" time="0.0031" asserts="0" success="True" result="Success" executed="True" />
                  <test-case description="When FileBaseName &quot;Invoke-JCCommand&quot; equal MatchValue &quot;Invoke-JCCommand&quot; for file &quot;Invoke-JCCommand.ps1&quot;" name="Function Format Tests.Test that the file name matches the function name.When FileBaseName &quot;Invoke-JCCommand&quot; equal MatchValue &quot;Invoke-JCCommand&quot; for file &quot;Invoke-JCCommand.ps1&quot;" time="0.0032" asserts="0" success="True" result="Success" executed="True" />
                </results>
              </test-suite>
              <test-suite type="TestFixture" name="Test for missing information" executed="True" result="Success" success="True" time="0.0486" asserts="0" description="Test for missing information">
                <results>
                  <test-case description="When FileName &quot;Invoke-JCCommand.ps1&quot; does not contain any functions" name="Function Format Tests.Test for missing information.When FileName &quot;Invoke-JCCommand.ps1&quot; does not contain any functions" time="0.0055" asserts="0" success="True" result="Success" executed="True" />
                </results>
              </test-suite>
              <test-suite type="TestFixture" name="Test for multiple functions per file" executed="True" result="Success" success="True" time="0.0872" asserts="0" description="Test for multiple functions per file">
                <results>
                  <test-case description="When FileName &quot;Invoke-JCCommand.ps1&quot; has exactly 1 function" name="Function Format Tests.Test for multiple functions per file.When FileName &quot;Invoke-JCCommand.ps1&quot; has exactly 1 function" time="0.0051" asserts="0" success="True" result="Success" executed="True" />
                </results>
              </test-suite>
              <test-suite type="TestFixture" name="Test that the file name matches the function name" executed="True" result="Success" success="True" time="0.0614" asserts="0" description="Test that the file name matches the function name">
                <results>
                  <test-case description="When FileBaseName &quot;Invoke-JCDeployment&quot; equal Function &quot;Invoke-JCDeployment&quot; for file &quot;Invoke-JCDeployment.ps1&quot;" name="Function Format Tests.Test that the file name matches the function name.When FileBaseName &quot;Invoke-JCDeployment&quot; equal Function &quot;Invoke-JCDeployment&quot; for file &quot;Invoke-JCDeployment.ps1&quot;" time="0.0043" asserts="0" success="True" result="Success" executed="True" />
                  <test-case description="When FileBaseName &quot;Invoke-JCDeployment&quot; equal MatchValue &quot;Invoke-JCDeployment&quot; for file &quot;Invoke-JCDeployment.ps1&quot;" name="Function Format Tests.Test that the file name matches the function name.When FileBaseName &quot;Invoke-JCDeployment&quot; equal MatchValue &quot;Invoke-JCDeployment&quot; for file &quot;Invoke-JCDeployment.ps1&quot;" time="0.0045" asserts="0" success="True" result="Success" executed="True" />
                </results>
              </test-suite>
              <test-suite type="TestFixture" name="Test for missing information" executed="True" result="Success" success="True" time="0.0499" asserts="0" description="Test for missing information">
                <results>
                  <test-case description="When FileName &quot;Invoke-JCDeployment.ps1&quot; does not contain any functions" name="Function Format Tests.Test for missing information.When FileName &quot;Invoke-JCDeployment.ps1&quot; does not contain any functions" time="0.0028" asserts="0" success="True" result="Success" executed="True" />
                </results>
              </test-suite>
              <test-suite type="TestFixture" name="Test for multiple functions per file" executed="True" result="Success" success="True" time="0.0453" asserts="0" description="Test for multiple functions per file">
                <results>
                  <test-case description="When FileName &quot;Invoke-JCDeployment.ps1&quot; has exactly 1 function" name="Function Format Tests.Test for multiple functions per file.When FileName &quot;Invoke-JCDeployment.ps1&quot; has exactly 1 function" time="0.0058" asserts="0" success="True" result="Success" executed="True" />
                </results>
              </test-suite>
              <test-suite type="TestFixture" name="Test that the file name matches the function name" executed="True" result="Success" success="True" time="0.0857" asserts="0" description="Test that the file name matches the function name">
                <results>
                  <test-case description="When FileBaseName &quot;New-JCCommand&quot; equal Function &quot;New-JCCommand&quot; for file &quot;New-JCCommand.ps1&quot;" name="Function Format Tests.Test that the file name matches the function name.When FileBaseName &quot;New-JCCommand&quot; equal Function &quot;New-JCCommand&quot; for file &quot;New-JCCommand.ps1&quot;" time="0.0031" asserts="0" success="True" result="Success" executed="True" />
                  <test-case description="When FileBaseName &quot;New-JCCommand&quot; equal MatchValue &quot;New-JCCommand&quot; for file &quot;New-JCCommand.ps1&quot;" name="Function Format Tests.Test that the file name matches the function name.When FileBaseName &quot;New-JCCommand&quot; equal MatchValue &quot;New-JCCommand&quot; for file &quot;New-JCCommand.ps1&quot;" time="0.0028" asserts="0" success="True" result="Success" executed="True" />
                </results>
              </test-suite>
              <test-suite type="TestFixture" name="Test for missing information" executed="True" result="Success" success="True" time="0.0394" asserts="0" description="Test for missing information">
                <results>
                  <test-case description="When FileName &quot;New-JCCommand.ps1&quot; does not contain any functions" name="Function Format Tests.Test for missing information.When FileName &quot;New-JCCommand.ps1&quot; does not contain any functions" time="0.0026" asserts="0" success="True" result="Success" executed="True" />
                </results>
              </test-suite>
              <test-suite type="TestFixture" name="Test for multiple functions per file" executed="True" result="Success" success="True" time="0.0453" asserts="0" description="Test for multiple functions per file">
                <results>
                  <test-case description="When FileName &quot;New-JCCommand.ps1&quot; has exactly 1 function" name="Function Format Tests.Test for multiple functions per file.When FileName &quot;New-JCCommand.ps1&quot; has exactly 1 function" time="0.0052" asserts="0" success="True" result="Success" executed="True" />
                </results>
              </test-suite>
              <test-suite type="TestFixture" name="Test that the file name matches the function name" executed="True" result="Success" success="True" time="0.0465" asserts="0" description="Test that the file name matches the function name">
                <results>
                  <test-case description="When FileBaseName &quot;New-JCDeploymentTemplate&quot; equal Function &quot;New-JCDeploymentTemplate&quot; for file &quot;New-JCDeploymentTemplate.ps1&quot;" name="Function Format Tests.Test that the file name matches the function name.When FileBaseName &quot;New-JCDeploymentTemplate&quot; equal Function &quot;New-JCDeploymentTemplate&quot; for file &quot;New-JCDeploymentTemplate.ps1&quot;" time="0.0032" asserts="0" success="True" result="Success" executed="True" />
                  <test-case description="When FileBaseName &quot;New-JCDeploymentTemplate&quot; equal MatchValue &quot;New-JCDeploymentTemplate&quot; for file &quot;New-JCDeploymentTemplate.ps1&quot;" name="Function Format Tests.Test that the file name matches the function name.When FileBaseName &quot;New-JCDeploymentTemplate&quot; equal MatchValue &quot;New-JCDeploymentTemplate&quot; for file &quot;New-JCDeploymentTemplate.ps1&quot;" time="0.0028" asserts="0" success="True" result="Success" executed="True" />
                </results>
              </test-suite>
              <test-suite type="TestFixture" name="Test for missing information" executed="True" result="Success" success="True" time="0.1958" asserts="0" description="Test for missing information">
                <results>
                  <test-case description="When FileName &quot;New-JCDeploymentTemplate.ps1&quot; does not contain any functions" name="Function Format Tests.Test for missing information.When FileName &quot;New-JCDeploymentTemplate.ps1&quot; does not contain any functions" time="0.0026" asserts="0" success="True" result="Success" executed="True" />
                </results>
              </test-suite>
              <test-suite type="TestFixture" name="Test for multiple functions per file" executed="True" result="Success" success="True" time="0.0466" asserts="0" description="Test for multiple functions per file">
                <results>
                  <test-case description="When FileName &quot;New-JCDeploymentTemplate.ps1&quot; has exactly 1 function" name="Function Format Tests.Test for multiple functions per file.When FileName &quot;New-JCDeploymentTemplate.ps1&quot; has exactly 1 function" time="0.0051" asserts="0" success="True" result="Success" executed="True" />
                </results>
              </test-suite>
              <test-suite type="TestFixture" name="Test that the file name matches the function name" executed="True" result="Success" success="True" time="0.0479" asserts="0" description="Test that the file name matches the function name">
                <results>
                  <test-case description="When FileBaseName &quot;Remove-JCCommand&quot; equal Function &quot;Remove-JCCommand&quot; for file &quot;Remove-JCCommand.ps1&quot;" name="Function Format Tests.Test that the file name matches the function name.When FileBaseName &quot;Remove-JCCommand&quot; equal Function &quot;Remove-JCCommand&quot; for file &quot;Remove-JCCommand.ps1&quot;" time="0.0031" asserts="0" success="True" result="Success" executed="True" />
                  <test-case description="When FileBaseName &quot;Remove-JCCommand&quot; equal MatchValue &quot;Remove-JCCommand&quot; for file &quot;Remove-JCCommand.ps1&quot;" name="Function Format Tests.Test that the file name matches the function name.When FileBaseName &quot;Remove-JCCommand&quot; equal MatchValue &quot;Remove-JCCommand&quot; for file &quot;Remove-JCCommand.ps1&quot;" time="0.0029" asserts="0" success="True" result="Success" executed="True" />
                </results>
              </test-suite>
              <test-suite type="TestFixture" name="Test for missing information" executed="True" result="Success" success="True" time="0.0392" asserts="0" description="Test for missing information">
                <results>
                  <test-case description="When FileName &quot;Remove-JCCommand.ps1&quot; does not contain any functions" name="Function Format Tests.Test for missing information.When FileName &quot;Remove-JCCommand.ps1&quot; does not contain any functions" time="0.0023" asserts="0" success="True" result="Success" executed="True" />
                </results>
              </test-suite>
              <test-suite type="TestFixture" name="Test for multiple functions per file" executed="True" result="Success" success="True" time="0.0454" asserts="0" description="Test for multiple functions per file">
                <results>
                  <test-case description="When FileName &quot;Remove-JCCommand.ps1&quot; has exactly 1 function" name="Function Format Tests.Test for multiple functions per file.When FileName &quot;Remove-JCCommand.ps1&quot; has exactly 1 function" time="0.0049" asserts="0" success="True" result="Success" executed="True" />
                </results>
              </test-suite>
              <test-suite type="TestFixture" name="Test that the file name matches the function name" executed="True" result="Success" success="True" time="0.0564" asserts="0" description="Test that the file name matches the function name">
                <results>
                  <test-case description="When FileBaseName &quot;Set-JCCommand&quot; equal Function &quot;Set-JCCommand&quot; for file &quot;Set-JCCommand.ps1&quot;" name="Function Format Tests.Test that the file name matches the function name.When FileBaseName &quot;Set-JCCommand&quot; equal Function &quot;Set-JCCommand&quot; for file &quot;Set-JCCommand.ps1&quot;" time="0.003" asserts="0" success="True" result="Success" executed="True" />
                  <test-case description="When FileBaseName &quot;Set-JCCommand&quot; equal MatchValue &quot;Set-JCCommand&quot; for file &quot;Set-JCCommand.ps1&quot;" name="Function Format Tests.Test that the file name matches the function name.When FileBaseName &quot;Set-JCCommand&quot; equal MatchValue &quot;Set-JCCommand&quot; for file &quot;Set-JCCommand.ps1&quot;" time="0.003" asserts="0" success="True" result="Success" executed="True" />
                </results>
              </test-suite>
              <test-suite type="TestFixture" name="Test for missing information" executed="True" result="Success" success="True" time="0.0387" asserts="0" description="Test for missing information">
                <results>
                  <test-case description="When FileName &quot;Set-JCCommand.ps1&quot; does not contain any functions" name="Function Format Tests.Test for missing information.When FileName &quot;Set-JCCommand.ps1&quot; does not contain any functions" time="0.0024" asserts="0" success="True" result="Success" executed="True" />
                </results>
              </test-suite>
              <test-suite type="TestFixture" name="Test for multiple functions per file" executed="True" result="Success" success="True" time="0.0506" asserts="0" description="Test for multiple functions per file">
                <results>
                  <test-case description="When FileName &quot;Set-JCCommand.ps1&quot; has exactly 1 function" name="Function Format Tests.Test for multiple functions per file.When FileName &quot;Set-JCCommand.ps1&quot; has exactly 1 function" time="0.0103" asserts="0" success="True" result="Success" executed="True" />
                </results>
              </test-suite>
              <test-suite type="TestFixture" name="Test that the file name matches the function name" executed="True" result="Success" success="True" time="0.0494" asserts="0" description="Test that the file name matches the function name">
                <results>
                  <test-case description="When FileBaseName &quot;Get-JCCommandResult&quot; equal Function &quot;Get-JCCommandResult&quot; for file &quot;Get-JCCommandResult.ps1&quot;" name="Function Format Tests.Test that the file name matches the function name.When FileBaseName &quot;Get-JCCommandResult&quot; equal Function &quot;Get-JCCommandResult&quot; for file &quot;Get-JCCommandResult.ps1&quot;" time="0.0029" asserts="0" success="True" result="Success" executed="True" />
                  <test-case description="When FileBaseName &quot;Get-JCCommandResult&quot; equal MatchValue &quot;Get-JCCommandResult&quot; for file &quot;Get-JCCommandResult.ps1&quot;" name="Function Format Tests.Test that the file name matches the function name.When FileBaseName &quot;Get-JCCommandResult&quot; equal MatchValue &quot;Get-JCCommandResult&quot; for file &quot;Get-JCCommandResult.ps1&quot;" time="0.0028" asserts="0" success="True" result="Success" executed="True" />
                </results>
              </test-suite>
              <test-suite type="TestFixture" name="Test for missing information" executed="True" result="Success" success="True" time="0.0455" asserts="0" description="Test for missing information">
                <results>
                  <test-case description="When FileName &quot;Get-JCCommandResult.ps1&quot; does not contain any functions" name="Function Format Tests.Test for missing information.When FileName &quot;Get-JCCommandResult.ps1&quot; does not contain any functions" time="0.003" asserts="0" success="True" result="Success" executed="True" />
                </results>
              </test-suite>
              <test-suite type="TestFixture" name="Test for multiple functions per file" executed="True" result="Success" success="True" time="0.054" asserts="0" description="Test for multiple functions per file">
                <results>
                  <test-case description="When FileName &quot;Get-JCCommandResult.ps1&quot; has exactly 1 function" name="Function Format Tests.Test for multiple functions per file.When FileName &quot;Get-JCCommandResult.ps1&quot; has exactly 1 function" time="0.0054" asserts="0" success="True" result="Success" executed="True" />
                </results>
              </test-suite>
              <test-suite type="TestFixture" name="Test that the file name matches the function name" executed="True" result="Success" success="True" time="0.0491" asserts="0" description="Test that the file name matches the function name">
                <results>
                  <test-case description="When FileBaseName &quot;Remove-JCCommandResult&quot; equal Function &quot;Remove-JCCommandResult&quot; for file &quot;Remove-JCCommandResult.ps1&quot;" name="Function Format Tests.Test that the file name matches the function name.When FileBaseName &quot;Remove-JCCommandResult&quot; equal Function &quot;Remove-JCCommandResult&quot; for file &quot;Remove-JCCommandResult.ps1&quot;" time="0.0028" asserts="0" success="True" result="Success" executed="True" />
                  <test-case description="When FileBaseName &quot;Remove-JCCommandResult&quot; equal MatchValue &quot;Remove-JCCommandResult&quot; for file &quot;Remove-JCCommandResult.ps1&quot;" name="Function Format Tests.Test that the file name matches the function name.When FileBaseName &quot;Remove-JCCommandResult&quot; equal MatchValue &quot;Remove-JCCommandResult&quot; for file &quot;Remove-JCCommandResult.ps1&quot;" time="0.0028" asserts="0" success="True" result="Success" executed="True" />
                </results>
              </test-suite>
              <test-suite type="TestFixture" name="Test for missing information" executed="True" result="Success" success="True" time="0.0388" asserts="0" description="Test for missing information">
                <results>
                  <test-case description="When FileName &quot;Remove-JCCommandResult.ps1&quot; does not contain any functions" name="Function Format Tests.Test for missing information.When FileName &quot;Remove-JCCommandResult.ps1&quot; does not contain any functions" time="0.0024" asserts="0" success="True" result="Success" executed="True" />
                </results>
              </test-suite>
              <test-suite type="TestFixture" name="Test for multiple functions per file" executed="True" result="Success" success="True" time="0.0524" asserts="0" description="Test for multiple functions per file">
                <results>
                  <test-case description="When FileName &quot;Remove-JCCommandResult.ps1&quot; has exactly 1 function" name="Function Format Tests.Test for multiple functions per file.When FileName &quot;Remove-JCCommandResult.ps1&quot; has exactly 1 function" time="0.0051" asserts="0" success="True" result="Success" executed="True" />
                </results>
              </test-suite>
              <test-suite type="TestFixture" name="Test that the file name matches the function name" executed="True" result="Success" success="True" time="0.0481" asserts="0" description="Test that the file name matches the function name">
                <results>
                  <test-case description="When FileBaseName &quot;Add-JCCommandTarget&quot; equal Function &quot;Add-JCCommandTarget&quot; for file &quot;Add-JCCommandTarget.ps1&quot;" name="Function Format Tests.Test that the file name matches the function name.When FileBaseName &quot;Add-JCCommandTarget&quot; equal Function &quot;Add-JCCommandTarget&quot; for file &quot;Add-JCCommandTarget.ps1&quot;" time="0.0029" asserts="0" success="True" result="Success" executed="True" />
                  <test-case description="When FileBaseName &quot;Add-JCCommandTarget&quot; equal MatchValue &quot;Add-JCCommandTarget&quot; for file &quot;Add-JCCommandTarget.ps1&quot;" name="Function Format Tests.Test that the file name matches the function name.When FileBaseName &quot;Add-JCCommandTarget&quot; equal MatchValue &quot;Add-JCCommandTarget&quot; for file &quot;Add-JCCommandTarget.ps1&quot;" time="0.0028" asserts="0" success="True" result="Success" executed="True" />
                </results>
              </test-suite>
              <test-suite type="TestFixture" name="Test for missing information" executed="True" result="Success" success="True" time="0.0518" asserts="0" description="Test for missing information">
                <results>
                  <test-case description="When FileName &quot;Add-JCCommandTarget.ps1&quot; does not contain any functions" name="Function Format Tests.Test for missing information.When FileName &quot;Add-JCCommandTarget.ps1&quot; does not contain any functions" time="0.0048" asserts="0" success="True" result="Success" executed="True" />
                </results>
              </test-suite>
              <test-suite type="TestFixture" name="Test for multiple functions per file" executed="True" result="Success" success="True" time="0.0418" asserts="0" description="Test for multiple functions per file">
                <results>
                  <test-case description="When FileName &quot;Add-JCCommandTarget.ps1&quot; has exactly 1 function" name="Function Format Tests.Test for multiple functions per file.When FileName &quot;Add-JCCommandTarget.ps1&quot; has exactly 1 function" time="0.0051" asserts="0" success="True" result="Success" executed="True" />
                </results>
              </test-suite>
              <test-suite type="TestFixture" name="Test that the file name matches the function name" executed="True" result="Success" success="True" time="0.0574" asserts="0" description="Test that the file name matches the function name">
                <results>
                  <test-case description="When FileBaseName &quot;Get-JCCommandTarget&quot; equal Function &quot;Get-JCCommandTarget&quot; for file &quot;Get-JCCommandTarget.ps1&quot;" name="Function Format Tests.Test that the file name matches the function name.When FileBaseName &quot;Get-JCCommandTarget&quot; equal Function &quot;Get-JCCommandTarget&quot; for file &quot;Get-JCCommandTarget.ps1&quot;" time="0.0028" asserts="0" success="True" result="Success" executed="True" />
                  <test-case description="When FileBaseName &quot;Get-JCCommandTarget&quot; equal MatchValue &quot;Get-JCCommandTarget&quot; for file &quot;Get-JCCommandTarget.ps1&quot;" name="Function Format Tests.Test that the file name matches the function name.When FileBaseName &quot;Get-JCCommandTarget&quot; equal MatchValue &quot;Get-JCCommandTarget&quot; for file &quot;Get-JCCommandTarget.ps1&quot;" time="0.0084" asserts="0" success="True" result="Success" executed="True" />
                </results>
              </test-suite>
              <test-suite type="TestFixture" name="Test for missing information" executed="True" result="Success" success="True" time="0.0459" asserts="0" description="Test for missing information">
                <results>
                  <test-case description="When FileName &quot;Get-JCCommandTarget.ps1&quot; does not contain any functions" name="Function Format Tests.Test for missing information.When FileName &quot;Get-JCCommandTarget.ps1&quot; does not contain any functions" time="0.0025" asserts="0" success="True" result="Success" executed="True" />
                </results>
              </test-suite>
              <test-suite type="TestFixture" name="Test for multiple functions per file" executed="True" result="Success" success="True" time="0.0521" asserts="0" description="Test for multiple functions per file">
                <results>
                  <test-case description="When FileName &quot;Get-JCCommandTarget.ps1&quot; has exactly 1 function" name="Function Format Tests.Test for multiple functions per file.When FileName &quot;Get-JCCommandTarget.ps1&quot; has exactly 1 function" time="0.0078" asserts="0" success="True" result="Success" executed="True" />
                </results>
              </test-suite>
              <test-suite type="TestFixture" name="Test that the file name matches the function name" executed="True" result="Success" success="True" time="0.0572" asserts="0" description="Test that the file name matches the function name">
                <results>
                  <test-case description="When FileBaseName &quot;Remove-JCCommandTarget&quot; equal Function &quot;Remove-JCCommandTarget&quot; for file &quot;Remove-JCCommandTarget.ps1&quot;" name="Function Format Tests.Test that the file name matches the function name.When FileBaseName &quot;Remove-JCCommandTarget&quot; equal Function &quot;Remove-JCCommandTarget&quot; for file &quot;Remove-JCCommandTarget.ps1&quot;" time="0.003" asserts="0" success="True" result="Success" executed="True" />
                  <test-case description="When FileBaseName &quot;Remove-JCCommandTarget&quot; equal MatchValue &quot;Remove-JCCommandTarget&quot; for file &quot;Remove-JCCommandTarget.ps1&quot;" name="Function Format Tests.Test that the file name matches the function name.When FileBaseName &quot;Remove-JCCommandTarget&quot; equal MatchValue &quot;Remove-JCCommandTarget&quot; for file &quot;Remove-JCCommandTarget.ps1&quot;" time="0.0059" asserts="0" success="True" result="Success" executed="True" />
                </results>
              </test-suite>
              <test-suite type="TestFixture" name="Test for missing information" executed="True" result="Success" success="True" time="0.051" asserts="0" description="Test for missing information">
                <results>
                  <test-case description="When FileName &quot;Remove-JCCommandTarget.ps1&quot; does not contain any functions" name="Function Format Tests.Test for missing information.When FileName &quot;Remove-JCCommandTarget.ps1&quot; does not contain any functions" time="0.0024" asserts="0" success="True" result="Success" executed="True" />
                </results>
              </test-suite>
              <test-suite type="TestFixture" name="Test for multiple functions per file" executed="True" result="Success" success="True" time="0.0479" asserts="0" description="Test for multiple functions per file">
                <results>
                  <test-case description="When FileName &quot;Remove-JCCommandTarget.ps1&quot; has exactly 1 function" name="Function Format Tests.Test for multiple functions per file.When FileName &quot;Remove-JCCommandTarget.ps1&quot; has exactly 1 function" time="0.0051" asserts="0" success="True" result="Success" executed="True" />
                </results>
              </test-suite>
              <test-suite type="TestFixture" name="Test that the file name matches the function name" executed="True" result="Success" success="True" time="0.0483" asserts="0" description="Test that the file name matches the function name">
                <results>
                  <test-case description="When FileBaseName &quot;Get-JCGroup&quot; equal Function &quot;Get-JCGroup&quot; for file &quot;Get-JCGroup.ps1&quot;" name="Function Format Tests.Test that the file name matches the function name.When FileBaseName &quot;Get-JCGroup&quot; equal Function &quot;Get-JCGroup&quot; for file &quot;Get-JCGroup.ps1&quot;" time="0.0029" asserts="0" success="True" result="Success" executed="True" />
                  <test-case description="When FileBaseName &quot;Get-JCGroup&quot; equal MatchValue &quot;Get-JCGroup&quot; for file &quot;Get-JCGroup.ps1&quot;" name="Function Format Tests.Test that the file name matches the function name.When FileBaseName &quot;Get-JCGroup&quot; equal MatchValue &quot;Get-JCGroup&quot; for file &quot;Get-JCGroup.ps1&quot;" time="0.0028" asserts="0" success="True" result="Success" executed="True" />
                </results>
              </test-suite>
              <test-suite type="TestFixture" name="Test for missing information" executed="True" result="Success" success="True" time="0.0467" asserts="0" description="Test for missing information">
                <results>
                  <test-case description="When FileName &quot;Get-JCGroup.ps1&quot; does not contain any functions" name="Function Format Tests.Test for missing information.When FileName &quot;Get-JCGroup.ps1&quot; does not contain any functions" time="0.0024" asserts="0" success="True" result="Success" executed="True" />
                </results>
              </test-suite>
              <test-suite type="TestFixture" name="Test for multiple functions per file" executed="True" result="Success" success="True" time="0.0458" asserts="0" description="Test for multiple functions per file">
                <results>
                  <test-case description="When FileName &quot;Get-JCGroup.ps1&quot; has exactly 1 function" name="Function Format Tests.Test for multiple functions per file.When FileName &quot;Get-JCGroup.ps1&quot; has exactly 1 function" time="0.0051" asserts="0" success="True" result="Success" executed="True" />
                </results>
              </test-suite>
              <test-suite type="TestFixture" name="Test that the file name matches the function name" executed="True" result="Success" success="True" time="0.0504" asserts="0" description="Test that the file name matches the function name">
                <results>
                  <test-case description="When FileBaseName &quot;Add-JCSystemGroupMember&quot; equal Function &quot;Add-JCSystemGroupMember&quot; for file &quot;Add-JCSystemGroupMember.ps1&quot;" name="Function Format Tests.Test that the file name matches the function name.When FileBaseName &quot;Add-JCSystemGroupMember&quot; equal Function &quot;Add-JCSystemGroupMember&quot; for file &quot;Add-JCSystemGroupMember.ps1&quot;" time="0.0029" asserts="0" success="True" result="Success" executed="True" />
                  <test-case description="When FileBaseName &quot;Add-JCSystemGroupMember&quot; equal MatchValue &quot;Add-JCSystemGroupMember&quot; for file &quot;Add-JCSystemGroupMember.ps1&quot;" name="Function Format Tests.Test that the file name matches the function name.When FileBaseName &quot;Add-JCSystemGroupMember&quot; equal MatchValue &quot;Add-JCSystemGroupMember&quot; for file &quot;Add-JCSystemGroupMember.ps1&quot;" time="0.0031" asserts="0" success="True" result="Success" executed="True" />
                </results>
              </test-suite>
              <test-suite type="TestFixture" name="Test for missing information" executed="True" result="Success" success="True" time="0.0544" asserts="0" description="Test for missing information">
                <results>
                  <test-case description="When FileName &quot;Add-JCSystemGroupMember.ps1&quot; does not contain any functions" name="Function Format Tests.Test for missing information.When FileName &quot;Add-JCSystemGroupMember.ps1&quot; does not contain any functions" time="0.0047" asserts="0" success="True" result="Success" executed="True" />
                </results>
              </test-suite>
              <test-suite type="TestFixture" name="Test for multiple functions per file" executed="True" result="Success" success="True" time="0.0439" asserts="0" description="Test for multiple functions per file">
                <results>
                  <test-case description="When FileName &quot;Add-JCSystemGroupMember.ps1&quot; has exactly 1 function" name="Function Format Tests.Test for multiple functions per file.When FileName &quot;Add-JCSystemGroupMember.ps1&quot; has exactly 1 function" time="0.006" asserts="0" success="True" result="Success" executed="True" />
                </results>
              </test-suite>
              <test-suite type="TestFixture" name="Test that the file name matches the function name" executed="True" result="Success" success="True" time="0.0575" asserts="0" description="Test that the file name matches the function name">
                <results>
                  <test-case description="When FileBaseName &quot;Get-JCSystemGroupMember&quot; equal Function &quot;Get-JCSystemGroupMember&quot; for file &quot;Get-JCSystemGroupMember.ps1&quot;" name="Function Format Tests.Test that the file name matches the function name.When FileBaseName &quot;Get-JCSystemGroupMember&quot; equal Function &quot;Get-JCSystemGroupMember&quot; for file &quot;Get-JCSystemGroupMember.ps1&quot;" time="0.0036" asserts="0" success="True" result="Success" executed="True" />
                  <test-case description="When FileBaseName &quot;Get-JCSystemGroupMember&quot; equal MatchValue &quot;Get-JCSystemGroupMember&quot; for file &quot;Get-JCSystemGroupMember.ps1&quot;" name="Function Format Tests.Test that the file name matches the function name.When FileBaseName &quot;Get-JCSystemGroupMember&quot; equal MatchValue &quot;Get-JCSystemGroupMember&quot; for file &quot;Get-JCSystemGroupMember.ps1&quot;" time="0.0031" asserts="0" success="True" result="Success" executed="True" />
                </results>
              </test-suite>
              <test-suite type="TestFixture" name="Test for missing information" executed="True" result="Success" success="True" time="0.0421" asserts="0" description="Test for missing information">
                <results>
                  <test-case description="When FileName &quot;Get-JCSystemGroupMember.ps1&quot; does not contain any functions" name="Function Format Tests.Test for missing information.When FileName &quot;Get-JCSystemGroupMember.ps1&quot; does not contain any functions" time="0.0024" asserts="0" success="True" result="Success" executed="True" />
                </results>
              </test-suite>
              <test-suite type="TestFixture" name="Test for multiple functions per file" executed="True" result="Success" success="True" time="0.0468" asserts="0" description="Test for multiple functions per file">
                <results>
                  <test-case description="When FileName &quot;Get-JCSystemGroupMember.ps1&quot; has exactly 1 function" name="Function Format Tests.Test for multiple functions per file.When FileName &quot;Get-JCSystemGroupMember.ps1&quot; has exactly 1 function" time="0.005" asserts="0" success="True" result="Success" executed="True" />
                </results>
              </test-suite>
              <test-suite type="TestFixture" name="Test that the file name matches the function name" executed="True" result="Success" success="True" time="0.0572" asserts="0" description="Test that the file name matches the function name">
                <results>
                  <test-case description="When FileBaseName &quot;New-JCSystemGroup&quot; equal Function &quot;New-JCSystemGroup&quot; for file &quot;New-JCSystemGroup.ps1&quot;" name="Function Format Tests.Test that the file name matches the function name.When FileBaseName &quot;New-JCSystemGroup&quot; equal Function &quot;New-JCSystemGroup&quot; for file &quot;New-JCSystemGroup.ps1&quot;" time="0.0029" asserts="0" success="True" result="Success" executed="True" />
                  <test-case description="When FileBaseName &quot;New-JCSystemGroup&quot; equal MatchValue &quot;New-JCSystemGroup&quot; for file &quot;New-JCSystemGroup.ps1&quot;" name="Function Format Tests.Test that the file name matches the function name.When FileBaseName &quot;New-JCSystemGroup&quot; equal MatchValue &quot;New-JCSystemGroup&quot; for file &quot;New-JCSystemGroup.ps1&quot;" time="0.0032" asserts="0" success="True" result="Success" executed="True" />
                </results>
              </test-suite>
              <test-suite type="TestFixture" name="Test for missing information" executed="True" result="Success" success="True" time="0.0412" asserts="0" description="Test for missing information">
                <results>
                  <test-case description="When FileName &quot;New-JCSystemGroup.ps1&quot; does not contain any functions" name="Function Format Tests.Test for missing information.When FileName &quot;New-JCSystemGroup.ps1&quot; does not contain any functions" time="0.0025" asserts="0" success="True" result="Success" executed="True" />
                </results>
              </test-suite>
              <test-suite type="TestFixture" name="Test for multiple functions per file" executed="True" result="Success" success="True" time="0.0411" asserts="0" description="Test for multiple functions per file">
                <results>
                  <test-case description="When FileName &quot;New-JCSystemGroup.ps1&quot; has exactly 1 function" name="Function Format Tests.Test for multiple functions per file.When FileName &quot;New-JCSystemGroup.ps1&quot; has exactly 1 function" time="0.005" asserts="0" success="True" result="Success" executed="True" />
                </results>
              </test-suite>
              <test-suite type="TestFixture" name="Test that the file name matches the function name" executed="True" result="Success" success="True" time="0.0538" asserts="0" description="Test that the file name matches the function name">
                <results>
                  <test-case description="When FileBaseName &quot;Remove-JCSystemGroup&quot; equal Function &quot;Remove-JCSystemGroup&quot; for file &quot;Remove-JCSystemGroup.ps1&quot;" name="Function Format Tests.Test that the file name matches the function name.When FileBaseName &quot;Remove-JCSystemGroup&quot; equal Function &quot;Remove-JCSystemGroup&quot; for file &quot;Remove-JCSystemGroup.ps1&quot;" time="0.0037" asserts="0" success="True" result="Success" executed="True" />
                  <test-case description="When FileBaseName &quot;Remove-JCSystemGroup&quot; equal MatchValue &quot;Remove-JCSystemGroup&quot; for file &quot;Remove-JCSystemGroup.ps1&quot;" name="Function Format Tests.Test that the file name matches the function name.When FileBaseName &quot;Remove-JCSystemGroup&quot; equal MatchValue &quot;Remove-JCSystemGroup&quot; for file &quot;Remove-JCSystemGroup.ps1&quot;" time="0.0029" asserts="0" success="True" result="Success" executed="True" />
                </results>
              </test-suite>
              <test-suite type="TestFixture" name="Test for missing information" executed="True" result="Success" success="True" time="0.0388" asserts="0" description="Test for missing information">
                <results>
                  <test-case description="When FileName &quot;Remove-JCSystemGroup.ps1&quot; does not contain any functions" name="Function Format Tests.Test for missing information.When FileName &quot;Remove-JCSystemGroup.ps1&quot; does not contain any functions" time="0.0023" asserts="0" success="True" result="Success" executed="True" />
                </results>
              </test-suite>
              <test-suite type="TestFixture" name="Test for multiple functions per file" executed="True" result="Success" success="True" time="0.0507" asserts="0" description="Test for multiple functions per file">
                <results>
                  <test-case description="When FileName &quot;Remove-JCSystemGroup.ps1&quot; has exactly 1 function" name="Function Format Tests.Test for multiple functions per file.When FileName &quot;Remove-JCSystemGroup.ps1&quot; has exactly 1 function" time="0.0052" asserts="0" success="True" result="Success" executed="True" />
                </results>
              </test-suite>
              <test-suite type="TestFixture" name="Test that the file name matches the function name" executed="True" result="Success" success="True" time="0.0529" asserts="0" description="Test that the file name matches the function name">
                <results>
                  <test-case description="When FileBaseName &quot;Remove-JCSystemGroupMember&quot; equal Function &quot;Remove-JCSystemGroupMember&quot; for file &quot;Remove-JCSystemGroupMember.ps1&quot;" name="Function Format Tests.Test that the file name matches the function name.When FileBaseName &quot;Remove-JCSystemGroupMember&quot; equal Function &quot;Remove-JCSystemGroupMember&quot; for file &quot;Remove-JCSystemGroupMember.ps1&quot;" time="0.0034" asserts="0" success="True" result="Success" executed="True" />
                  <test-case description="When FileBaseName &quot;Remove-JCSystemGroupMember&quot; equal MatchValue &quot;Remove-JCSystemGroupMember&quot; for file &quot;Remove-JCSystemGroupMember.ps1&quot;" name="Function Format Tests.Test that the file name matches the function name.When FileBaseName &quot;Remove-JCSystemGroupMember&quot; equal MatchValue &quot;Remove-JCSystemGroupMember&quot; for file &quot;Remove-JCSystemGroupMember.ps1&quot;" time="0.0029" asserts="0" success="True" result="Success" executed="True" />
                </results>
              </test-suite>
              <test-suite type="TestFixture" name="Test for missing information" executed="True" result="Success" success="True" time="0.0394" asserts="0" description="Test for missing information">
                <results>
                  <test-case description="When FileName &quot;Remove-JCSystemGroupMember.ps1&quot; does not contain any functions" name="Function Format Tests.Test for missing information.When FileName &quot;Remove-JCSystemGroupMember.ps1&quot; does not contain any functions" time="0.0023" asserts="0" success="True" result="Success" executed="True" />
                </results>
              </test-suite>
              <test-suite type="TestFixture" name="Test for multiple functions per file" executed="True" result="Success" success="True" time="0.0413" asserts="0" description="Test for multiple functions per file">
                <results>
                  <test-case description="When FileName &quot;Remove-JCSystemGroupMember.ps1&quot; has exactly 1 function" name="Function Format Tests.Test for multiple functions per file.When FileName &quot;Remove-JCSystemGroupMember.ps1&quot; has exactly 1 function" time="0.0051" asserts="0" success="True" result="Success" executed="True" />
                </results>
              </test-suite>
              <test-suite type="TestFixture" name="Test that the file name matches the function name" executed="True" result="Success" success="True" time="0.0551" asserts="0" description="Test that the file name matches the function name">
                <results>
                  <test-case description="When FileBaseName &quot;Add-JCUserGroupMember&quot; equal Function &quot;Add-JCUserGroupMember&quot; for file &quot;Add-JCUserGroupMember.ps1&quot;" name="Function Format Tests.Test that the file name matches the function name.When FileBaseName &quot;Add-JCUserGroupMember&quot; equal Function &quot;Add-JCUserGroupMember&quot; for file &quot;Add-JCUserGroupMember.ps1&quot;" time="0.0029" asserts="0" success="True" result="Success" executed="True" />
                  <test-case description="When FileBaseName &quot;Add-JCUserGroupMember&quot; equal MatchValue &quot;Add-JCUserGroupMember&quot; for file &quot;Add-JCUserGroupMember.ps1&quot;" name="Function Format Tests.Test that the file name matches the function name.When FileBaseName &quot;Add-JCUserGroupMember&quot; equal MatchValue &quot;Add-JCUserGroupMember&quot; for file &quot;Add-JCUserGroupMember.ps1&quot;" time="0.0028" asserts="0" success="True" result="Success" executed="True" />
                </results>
              </test-suite>
              <test-suite type="TestFixture" name="Test for missing information" executed="True" result="Success" success="True" time="0.0436" asserts="0" description="Test for missing information">
                <results>
                  <test-case description="When FileName &quot;Add-JCUserGroupMember.ps1&quot; does not contain any functions" name="Function Format Tests.Test for missing information.When FileName &quot;Add-JCUserGroupMember.ps1&quot; does not contain any functions" time="0.0023" asserts="0" success="True" result="Success" executed="True" />
                </results>
              </test-suite>
              <test-suite type="TestFixture" name="Test for multiple functions per file" executed="True" result="Success" success="True" time="0.0427" asserts="0" description="Test for multiple functions per file">
                <results>
                  <test-case description="When FileName &quot;Add-JCUserGroupMember.ps1&quot; has exactly 1 function" name="Function Format Tests.Test for multiple functions per file.When FileName &quot;Add-JCUserGroupMember.ps1&quot; has exactly 1 function" time="0.0054" asserts="0" success="True" result="Success" executed="True" />
                </results>
              </test-suite>
              <test-suite type="TestFixture" name="Test that the file name matches the function name" executed="True" result="Success" success="True" time="0.0546" asserts="0" description="Test that the file name matches the function name">
                <results>
                  <test-case description="When FileBaseName &quot;Get-JCUserGroupMember&quot; equal Function &quot;Get-JCUserGroupMember&quot; for file &quot;Get-JCUserGroupMember.ps1&quot;" name="Function Format Tests.Test that the file name matches the function name.When FileBaseName &quot;Get-JCUserGroupMember&quot; equal Function &quot;Get-JCUserGroupMember&quot; for file &quot;Get-JCUserGroupMember.ps1&quot;" time="0.0034" asserts="0" success="True" result="Success" executed="True" />
                  <test-case description="When FileBaseName &quot;Get-JCUserGroupMember&quot; equal MatchValue &quot;Get-JCUserGroupMember&quot; for file &quot;Get-JCUserGroupMember.ps1&quot;" name="Function Format Tests.Test that the file name matches the function name.When FileBaseName &quot;Get-JCUserGroupMember&quot; equal MatchValue &quot;Get-JCUserGroupMember&quot; for file &quot;Get-JCUserGroupMember.ps1&quot;" time="0.003" asserts="0" success="True" result="Success" executed="True" />
                </results>
              </test-suite>
              <test-suite type="TestFixture" name="Test for missing information" executed="True" result="Success" success="True" time="0.0422" asserts="0" description="Test for missing information">
                <results>
                  <test-case description="When FileName &quot;Get-JCUserGroupMember.ps1&quot; does not contain any functions" name="Function Format Tests.Test for missing information.When FileName &quot;Get-JCUserGroupMember.ps1&quot; does not contain any functions" time="0.0023" asserts="0" success="True" result="Success" executed="True" />
                </results>
              </test-suite>
              <test-suite type="TestFixture" name="Test for multiple functions per file" executed="True" result="Success" success="True" time="0.0434" asserts="0" description="Test for multiple functions per file">
                <results>
                  <test-case description="When FileName &quot;Get-JCUserGroupMember.ps1&quot; has exactly 1 function" name="Function Format Tests.Test for multiple functions per file.When FileName &quot;Get-JCUserGroupMember.ps1&quot; has exactly 1 function" time="0.0052" asserts="0" success="True" result="Success" executed="True" />
                </results>
              </test-suite>
              <test-suite type="TestFixture" name="Test that the file name matches the function name" executed="True" result="Success" success="True" time="0.0514" asserts="0" description="Test that the file name matches the function name">
                <results>
                  <test-case description="When FileBaseName &quot;New-JCUserGroup&quot; equal Function &quot;New-JCUserGroup&quot; for file &quot;New-JCUserGroup.ps1&quot;" name="Function Format Tests.Test that the file name matches the function name.When FileBaseName &quot;New-JCUserGroup&quot; equal Function &quot;New-JCUserGroup&quot; for file &quot;New-JCUserGroup.ps1&quot;" time="0.003" asserts="0" success="True" result="Success" executed="True" />
                  <test-case description="When FileBaseName &quot;New-JCUserGroup&quot; equal MatchValue &quot;New-JCUserGroup&quot; for file &quot;New-JCUserGroup.ps1&quot;" name="Function Format Tests.Test that the file name matches the function name.When FileBaseName &quot;New-JCUserGroup&quot; equal MatchValue &quot;New-JCUserGroup&quot; for file &quot;New-JCUserGroup.ps1&quot;" time="0.0028" asserts="0" success="True" result="Success" executed="True" />
                </results>
              </test-suite>
              <test-suite type="TestFixture" name="Test for missing information" executed="True" result="Success" success="True" time="0.0404" asserts="0" description="Test for missing information">
                <results>
                  <test-case description="When FileName &quot;New-JCUserGroup.ps1&quot; does not contain any functions" name="Function Format Tests.Test for missing information.When FileName &quot;New-JCUserGroup.ps1&quot; does not contain any functions" time="0.0028" asserts="0" success="True" result="Success" executed="True" />
                </results>
              </test-suite>
              <test-suite type="TestFixture" name="Test for multiple functions per file" executed="True" result="Success" success="True" time="0.047" asserts="0" description="Test for multiple functions per file">
                <results>
                  <test-case description="When FileName &quot;New-JCUserGroup.ps1&quot; has exactly 1 function" name="Function Format Tests.Test for multiple functions per file.When FileName &quot;New-JCUserGroup.ps1&quot; has exactly 1 function" time="0.0052" asserts="0" success="True" result="Success" executed="True" />
                </results>
              </test-suite>
              <test-suite type="TestFixture" name="Test that the file name matches the function name" executed="True" result="Success" success="True" time="0.0529" asserts="0" description="Test that the file name matches the function name">
                <results>
                  <test-case description="When FileBaseName &quot;Remove-JCUserGroup&quot; equal Function &quot;Remove-JCUserGroup&quot; for file &quot;Remove-JCUserGroup.ps1&quot;" name="Function Format Tests.Test that the file name matches the function name.When FileBaseName &quot;Remove-JCUserGroup&quot; equal Function &quot;Remove-JCUserGroup&quot; for file &quot;Remove-JCUserGroup.ps1&quot;" time="0.003" asserts="0" success="True" result="Success" executed="True" />
                  <test-case description="When FileBaseName &quot;Remove-JCUserGroup&quot; equal MatchValue &quot;Remove-JCUserGroup&quot; for file &quot;Remove-JCUserGroup.ps1&quot;" name="Function Format Tests.Test that the file name matches the function name.When FileBaseName &quot;Remove-JCUserGroup&quot; equal MatchValue &quot;Remove-JCUserGroup&quot; for file &quot;Remove-JCUserGroup.ps1&quot;" time="0.0034" asserts="0" success="True" result="Success" executed="True" />
                </results>
              </test-suite>
              <test-suite type="TestFixture" name="Test for missing information" executed="True" result="Success" success="True" time="0.0393" asserts="0" description="Test for missing information">
                <results>
                  <test-case description="When FileName &quot;Remove-JCUserGroup.ps1&quot; does not contain any functions" name="Function Format Tests.Test for missing information.When FileName &quot;Remove-JCUserGroup.ps1&quot; does not contain any functions" time="0.0025" asserts="0" success="True" result="Success" executed="True" />
                </results>
              </test-suite>
              <test-suite type="TestFixture" name="Test for multiple functions per file" executed="True" result="Success" success="True" time="0.0417" asserts="0" description="Test for multiple functions per file">
                <results>
                  <test-case description="When FileName &quot;Remove-JCUserGroup.ps1&quot; has exactly 1 function" name="Function Format Tests.Test for multiple functions per file.When FileName &quot;Remove-JCUserGroup.ps1&quot; has exactly 1 function" time="0.005" asserts="0" success="True" result="Success" executed="True" />
                </results>
              </test-suite>
              <test-suite type="TestFixture" name="Test that the file name matches the function name" executed="True" result="Success" success="True" time="0.0636" asserts="0" description="Test that the file name matches the function name">
                <results>
                  <test-case description="When FileBaseName &quot;Remove-JCUserGroupMember&quot; equal Function &quot;Remove-JCUserGroupMember&quot; for file &quot;Remove-JCUserGroupMember.ps1&quot;" name="Function Format Tests.Test that the file name matches the function name.When FileBaseName &quot;Remove-JCUserGroupMember&quot; equal Function &quot;Remove-JCUserGroupMember&quot; for file &quot;Remove-JCUserGroupMember.ps1&quot;" time="0.0029" asserts="0" success="True" result="Success" executed="True" />
                  <test-case description="When FileBaseName &quot;Remove-JCUserGroupMember&quot; equal MatchValue &quot;Remove-JCUserGroupMember&quot; for file &quot;Remove-JCUserGroupMember.ps1&quot;" name="Function Format Tests.Test that the file name matches the function name.When FileBaseName &quot;Remove-JCUserGroupMember&quot; equal MatchValue &quot;Remove-JCUserGroupMember&quot; for file &quot;Remove-JCUserGroupMember.ps1&quot;" time="0.0028" asserts="0" success="True" result="Success" executed="True" />
                </results>
              </test-suite>
              <test-suite type="TestFixture" name="Test for missing information" executed="True" result="Success" success="True" time="0.0385" asserts="0" description="Test for missing information">
                <results>
                  <test-case description="When FileName &quot;Remove-JCUserGroupMember.ps1&quot; does not contain any functions" name="Function Format Tests.Test for missing information.When FileName &quot;Remove-JCUserGroupMember.ps1&quot; does not contain any functions" time="0.0024" asserts="0" success="True" result="Success" executed="True" />
                </results>
              </test-suite>
              <test-suite type="TestFixture" name="Test for multiple functions per file" executed="True" result="Success" success="True" time="0.0431" asserts="0" description="Test for multiple functions per file">
                <results>
                  <test-case description="When FileName &quot;Remove-JCUserGroupMember.ps1&quot; has exactly 1 function" name="Function Format Tests.Test for multiple functions per file.When FileName &quot;Remove-JCUserGroupMember.ps1&quot; has exactly 1 function" time="0.0049" asserts="0" success="True" result="Success" executed="True" />
                </results>
              </test-suite>
              <test-suite type="TestFixture" name="Test that the file name matches the function name" executed="True" result="Success" success="True" time="0.0498" asserts="0" description="Test that the file name matches the function name">
                <results>
                  <test-case description="When FileBaseName &quot;Set-JCUserGroupLDAP&quot; equal Function &quot;Set-JCUserGroupLDAP&quot; for file &quot;Set-JCUserGroupLDAP.ps1&quot;" name="Function Format Tests.Test that the file name matches the function name.When FileBaseName &quot;Set-JCUserGroupLDAP&quot; equal Function &quot;Set-JCUserGroupLDAP&quot; for file &quot;Set-JCUserGroupLDAP.ps1&quot;" time="0.0029" asserts="0" success="True" result="Success" executed="True" />
                  <test-case description="When FileBaseName &quot;Set-JCUserGroupLDAP&quot; equal MatchValue &quot;Set-JCUserGroupLDAP&quot; for file &quot;Set-JCUserGroupLDAP.ps1&quot;" name="Function Format Tests.Test that the file name matches the function name.When FileBaseName &quot;Set-JCUserGroupLDAP&quot; equal MatchValue &quot;Set-JCUserGroupLDAP&quot; for file &quot;Set-JCUserGroupLDAP.ps1&quot;" time="0.003" asserts="0" success="True" result="Success" executed="True" />
                </results>
              </test-suite>
              <test-suite type="TestFixture" name="Test for missing information" executed="True" result="Success" success="True" time="0.0393" asserts="0" description="Test for missing information">
                <results>
                  <test-case description="When FileName &quot;Set-JCUserGroupLDAP.ps1&quot; does not contain any functions" name="Function Format Tests.Test for missing information.When FileName &quot;Set-JCUserGroupLDAP.ps1&quot; does not contain any functions" time="0.0024" asserts="0" success="True" result="Success" executed="True" />
                </results>
              </test-suite>
              <test-suite type="TestFixture" name="Test for multiple functions per file" executed="True" result="Success" success="True" time="0.0451" asserts="0" description="Test for multiple functions per file">
                <results>
                  <test-case description="When FileName &quot;Set-JCUserGroupLDAP.ps1&quot; has exactly 1 function" name="Function Format Tests.Test for multiple functions per file.When FileName &quot;Set-JCUserGroupLDAP.ps1&quot; has exactly 1 function" time="0.0053" asserts="0" success="True" result="Success" executed="True" />
                </results>
              </test-suite>
[...]
        <results />
      </test-suite>
      <test-suite type="TestFixture" name="D:\a\1\s\PowerShell\JumpCloud Module\Tests\Public\Association\Get-JCAssociation.Tests.ps1" executed="True" result="Success" success="True" time="0.0107" asserts="0" description="D:\a\1\s\PowerShell\JumpCloud Module\Tests\Public\Association\Get-JCAssociation.Tests.ps1">
        <results />
      </test-suite>
      <test-suite type="TestFixture" name="D:\a\1\s\PowerShell\JumpCloud Module\Tests\Public\Association\Remove-JCAssociation.Tests.ps1" executed="True" result="Success" success="True" time="0.006" asserts="0" description="D:\a\1\s\PowerShell\JumpCloud Module\Tests\Public\Association\Remove-JCAssociation.Tests.ps1">
        <results />
      </test-suite>
      <test-suite type="TestFixture" name="D:\a\1\s\PowerShell\JumpCloud Module\Tests\Public\Authentication\Connect-JCOnline.tests.ps1" executed="True" result="Success" success="True" time="0.0075" asserts="0" description="D:\a\1\s\PowerShell\JumpCloud Module\Tests\Public\Authentication\Connect-JCOnline.tests.ps1">
        <results />
      </test-suite>
      <test-suite type="TestFixture" name="D:\a\1\s\PowerShell\JumpCloud Module\Tests\Public\Authentication\Get-JCOrganization.tests.ps1" executed="True" result="Success" success="True" time="0.0065" asserts="0" description="D:\a\1\s\PowerShell\JumpCloud Module\Tests\Public\Authentication\Get-JCOrganization.tests.ps1">
        <results />
      </test-suite>
      <test-suite type="TestFixture" name="D:\a\1\s\PowerShell\JumpCloud Module\Tests\Public\Authentication\Set-JCOrganization.tests.ps1" executed="True" result="Success" success="True" time="0.0066" asserts="0" description="D:\a\1\s\PowerShell\JumpCloud Module\Tests\Public\Authentication\Set-JCOrganization.tests.ps1">
        <results />
      </test-suite>
      <test-suite type="TestFixture" name="D:\a\1\s\PowerShell\JumpCloud Module\Tests\Public\Commands\CommandResults\Get-JCCommandResult.tests.ps1" executed="True" result="Success" success="True" time="0.0114" asserts="0" description="D:\a\1\s\PowerShell\JumpCloud Module\Tests\Public\Commands\CommandResults\Get-JCCommandResult.tests.ps1">
        <results />
      </test-suite>
      <test-suite type="TestFixture" name="D:\a\1\s\PowerShell\JumpCloud Module\Tests\Public\Commands\CommandResults\Remove-JCCommandResult.tests.ps1" executed="True" result="Success" success="True" time="0.0135" asserts="0" description="D:\a\1\s\PowerShell\JumpCloud Module\Tests\Public\Commands\CommandResults\Remove-JCCommandResult.tests.ps1">
        <results />
      </test-suite>
      <test-suite type="TestFixture" name="D:\a\1\s\PowerShell\JumpCloud Module\Tests\Public\Commands\CommandTargets\Add-JCCommandTarget.tests.ps1" executed="True" result="Success" success="True" time="0.0066" asserts="0" description="D:\a\1\s\PowerShell\JumpCloud Module\Tests\Public\Commands\CommandTargets\Add-JCCommandTarget.tests.ps1">
        <results />
      </test-suite>
      <test-suite type="TestFixture" name="D:\a\1\s\PowerShell\JumpCloud Module\Tests\Public\Commands\CommandTargets\Get-JCCommandTarget.tests.ps1" executed="True" result="Success" success="True" time="0.0062" asserts="0" description="D:\a\1\s\PowerShell\JumpCloud Module\Tests\Public\Commands\CommandTargets\Get-JCCommandTarget.tests.ps1">
        <results />
      </test-suite>
      <test-suite type="TestFixture" name="D:\a\1\s\PowerShell\JumpCloud Module\Tests\Public\Commands\CommandTargets\Remove-JCCommandTarget.tests.ps1" executed="True" result="Success" success="True" time="0.0067" asserts="0" description="D:\a\1\s\PowerShell\JumpCloud Module\Tests\Public\Commands\CommandTargets\Remove-JCCommandTarget.tests.ps1">
        <results />
      </test-suite>
      <test-suite type="TestFixture" name="D:\a\1\s\PowerShell\JumpCloud Module\Tests\Public\Commands\Get-JCCommand.tests.ps1" executed="True" result="Success" success="True" time="0.0072" asserts="0" description="D:\a\1\s\PowerShell\JumpCloud Module\Tests\Public\Commands\Get-JCCommand.tests.ps1">
        <results />
      </test-suite>
      <test-suite type="TestFixture" name="D:\a\1\s\PowerShell\JumpCloud Module\Tests\Public\Commands\Import-JCCommand.tests.ps1" executed="True" result="Success" success="True" time="0.0064" asserts="0" description="D:\a\1\s\PowerShell\JumpCloud Module\Tests\Public\Commands\Import-JCCommand.tests.ps1">
        <results />
      </test-suite>
      <test-suite type="TestFixture" name="D:\a\1\s\PowerShell\JumpCloud Module\Tests\Public\Commands\Invoke-JCCommand.tests.ps1" executed="True" result="Success" success="True" time="0.008" asserts="0" description="D:\a\1\s\PowerShell\JumpCloud Module\Tests\Public\Commands\Invoke-JCCommand.tests.ps1">
        <results />
      </test-suite>
      <test-suite type="TestFixture" name="D:\a\1\s\PowerShell\JumpCloud Module\Tests\Public\Commands\Invoke-JCDeployment.tests.ps1" executed="True" result="Success" success="True" time="0.0063" asserts="0" description="D:\a\1\s\PowerShell\JumpCloud Module\Tests\Public\Commands\Invoke-JCDeployment.tests.ps1">
        <results />
      </test-suite>
      <test-suite type="TestFixture" name="D:\a\1\s\PowerShell\JumpCloud Module\Tests\Public\Commands\New-JCCommand.tests.ps1" executed="True" result="Success" success="True" time="0.0064" asserts="0" description="D:\a\1\s\PowerShell\JumpCloud Module\Tests\Public\Commands\New-JCCommand.tests.ps1">
        <results />
      </test-suite>
      <test-suite type="TestFixture" name="D:\a\1\s\PowerShell\JumpCloud Module\Tests\Public\Commands\New-JCDeploymentTemplate.tests.ps1" executed="True" result="Success" success="True" time="0.0069" asserts="0" description="D:\a\1\s\PowerShell\JumpCloud Module\Tests\Public\Commands\New-JCDeploymentTemplate.tests.ps1">
        <results />
      </test-suite>
      <test-suite type="TestFixture" name="D:\a\1\s\PowerShell\JumpCloud Module\Tests\Public\Commands\Remove-JCCommand.tests.ps1" executed="True" result="Success" success="True" time="0.0065" asserts="0" description="D:\a\1\s\PowerShell\JumpCloud Module\Tests\Public\Commands\Remove-JCCommand.tests.ps1">
        <results />
      </test-suite>
      <test-suite type="TestFixture" name="D:\a\1\s\PowerShell\JumpCloud Module\Tests\Public\Commands\Set-JCCommand.tests.ps1" executed="True" result="Success" success="True" time="0.0118" asserts="0" description="D:\a\1\s\PowerShell\JumpCloud Module\Tests\Public\Commands\Set-JCCommand.tests.ps1">
        <results />
      </test-suite>
      <test-suite type="TestFixture" name="D:\a\1\s\PowerShell\JumpCloud Module\Tests\Public\Groups\SystemGroups\Add-JCSystemGroupMember.tests.ps1" executed="True" result="Success" success="True" time="0.0077" asserts="0" description="D:\a\1\s\PowerShell\JumpCloud Module\Tests\Public\Groups\SystemGroups\Add-JCSystemGroupMember.tests.ps1">
        <results />
      </test-suite>
      <test-suite type="TestFixture" name="D:\a\1\s\PowerShell\JumpCloud Module\Tests\Public\Groups\SystemGroups\Get-JCSystemGroupMember.tests.ps1" executed="True" result="Success" success="True" time="0.0077" asserts="0" description="D:\a\1\s\PowerShell\JumpCloud Module\Tests\Public\Groups\SystemGroups\Get-JCSystemGroupMember.tests.ps1">
        <results />
      </test-suite>
      <test-suite type="TestFixture" name="D:\a\1\s\PowerShell\JumpCloud Module\Tests\Public\Groups\SystemGroups\New-JCSystemGroup.tests.ps1" executed="True" result="Success" success="True" time="0.0069" asserts="0" description="D:\a\1\s\PowerShell\JumpCloud Module\Tests\Public\Groups\SystemGroups\New-JCSystemGroup.tests.ps1">
        <results />
      </test-suite>
      <test-suite type="TestFixture" name="D:\a\1\s\PowerShell\JumpCloud Module\Tests\Public\Groups\SystemGroups\Remove-JCSystemGroup.tests.ps1" executed="True" result="Success" success="True" time="0.0092" asserts="0" description="D:\a\1\s\PowerShell\JumpCloud Module\Tests\Public\Groups\SystemGroups\Remove-JCSystemGroup.tests.ps1">
        <results />
      </test-suite>
      <test-suite type="TestFixture" name="D:\a\1\s\PowerShell\JumpCloud Module\Tests\Public\Groups\SystemGroups\Remove-JCSystemGroupMember.tests.ps1" executed="True" result="Success" success="True" time="0.0073" asserts="0" description="D:\a\1\s\PowerShell\JumpCloud Module\Tests\Public\Groups\SystemGroups\Remove-JCSystemGroupMember.tests.ps1">
        <results />
      </test-suite>
      <test-suite type="TestFixture" name="D:\a\1\s\PowerShell\JumpCloud Module\Tests\Public\Groups\UserGroups\Add-JCUserGroupMember.tests.ps1" executed="True" result="Success" success="True" time="0.0069" asserts="0" description="D:\a\1\s\PowerShell\JumpCloud Module\Tests\Public\Groups\UserGroups\Add-JCUserGroupMember.tests.ps1">
        <results />
      </test-suite>
      <test-suite type="TestFixture" name="D:\a\1\s\PowerShell\JumpCloud Module\Tests\Public\Groups\UserGroups\Get-JCUserGroupMember.tests.ps1" executed="True" result="Success" success="True" time="0.0192" asserts="0" description="D:\a\1\s\PowerShell\JumpCloud Module\Tests\Public\Groups\UserGroups\Get-JCUserGroupMember.tests.ps1">
        <results />
      </test-suite>
      <test-suite type="TestFixture" name="D:\a\1\s\PowerShell\JumpCloud Module\Tests\Public\Groups\UserGroups\New-JCUserGroup.tests.ps1" executed="True" result="Success" success="True" time="0.007" asserts="0" description="D:\a\1\s\PowerShell\JumpCloud Module\Tests\Public\Groups\UserGroups\New-JCUserGroup.tests.ps1">
        <results />
      </test-suite>
      <test-suite type="TestFixture" name="D:\a\1\s\PowerShell\JumpCloud Module\Tests\Public\Groups\UserGroups\Remove-JCUserGroup.tests.ps1" executed="True" result="Success" success="True" time="0.0119" asserts="0" description="D:\a\1\s\PowerShell\JumpCloud Module\Tests\Public\Groups\UserGroups\Remove-JCUserGroup.tests.ps1">
        <results />
      </test-suite>
      <test-suite type="TestFixture" name="D:\a\1\s\PowerShell\JumpCloud Module\Tests\Public\Groups\UserGroups\Remove-JCUserGroupMember.tests.ps1" executed="True" result="Success" success="True" time="0.0236" asserts="0" description="D:\a\1\s\PowerShell\JumpCloud Module\Tests\Public\Groups\UserGroups\Remove-JCUserGroupMember.tests.ps1">
        <results />
      </test-suite>
      <test-suite type="TestFixture" name="D:\a\1\s\PowerShell\JumpCloud Module\Tests\Public\Groups\UserGroups\Set-JCUserGroupLDAP.tests.ps1" executed="True" result="Success" success="True" time="0.0067" asserts="0" description="D:\a\1\s\PowerShell\JumpCloud Module\Tests\Public\Groups\UserGroups\Set-JCUserGroupLDAP.tests.ps1">
        <results />
      </test-suite>
      <test-suite type="TestFixture" name="D:\a\1\s\PowerShell\JumpCloud Module\Tests\Public\Groups\Get-JCGroup.tests.ps1" executed="True" result="Success" success="True" time="0.0098" asserts="0" description="D:\a\1\s\PowerShell\JumpCloud Module\Tests\Public\Groups\Get-JCGroup.tests.ps1">
        <results />
      </test-suite>
      <test-suite type="TestFixture" name="D:\a\1\s\PowerShell\JumpCloud Module\Tests\Public\Policies\PolicyResults\Get-JCPolicyResult.tests.ps1" executed="True" result="Success" success="True" time="0.0069" asserts="0" description="D:\a\1\s\PowerShell\JumpCloud Module\Tests\Public\Policies\PolicyResults\Get-JCPolicyResult.tests.ps1">
        <results />
      </test-suite>
      <test-suite type="TestFixture" name="D:\a\1\s\PowerShell\JumpCloud Module\Tests\Public\Policies\PolicyTargets\Get-JCPolicyTargetGroup.tests.ps1" executed="True" result="Success" success="True" time="0.0071" asserts="0" description="D:\a\1\s\PowerShell\JumpCloud Module\Tests\Public\Policies\PolicyTargets\Get-JCPolicyTargetGroup.tests.ps1">
        <results />
      </test-suite>
      <test-suite type="TestFixture" name="D:\a\1\s\PowerShell\JumpCloud Module\Tests\Public\Policies\PolicyTargets\Get-JCPolicyTargetSystem.tests.ps1" executed="True" result="Success" success="True" time="0.0066" asserts="0" description="D:\a\1\s\PowerShell\JumpCloud Module\Tests\Public\Policies\PolicyTargets\Get-JCPolicyTargetSystem.tests.ps1">
        <results />
      </test-suite>
      <test-suite type="TestFixture" name="D:\a\1\s\PowerShell\JumpCloud Module\Tests\Public\Policies\Get-JCPolicy.tests.ps1" executed="True" result="Success" success="True" time="0.007" asserts="0" description="D:\a\1\s\PowerShell\JumpCloud Module\Tests\Public\Policies\Get-JCPolicy.tests.ps1">
        <results />
      </test-suite>
      <test-suite type="TestFixture" name="D:\a\1\s\PowerShell\JumpCloud Module\Tests\Public\Radius\Add-JCRadiusReplyAttribute.tests.ps1" executed="True" result="Success" success="True" time="0.0078" asserts="0" description="D:\a\1\s\PowerShell\JumpCloud Module\Tests\Public\Radius\Add-JCRadiusReplyAttribute.tests.ps1">
        <results />
      </test-suite>
      <test-suite type="TestFixture" name="D:\a\1\s\PowerShell\JumpCloud Module\Tests\Public\Radius\Get-JCRadiusReplyAttribute.tests.ps1" executed="True" result="Success" success="True" time="0.0077" asserts="0" description="D:\a\1\s\PowerShell\JumpCloud Module\Tests\Public\Radius\Get-JCRadiusReplyAttribute.tests.ps1">
        <results />
      </test-suite>
      <test-suite type="TestFixture" name="D:\a\1\s\PowerShell\JumpCloud Module\Tests\Public\Radius\Remove-JCRadiusReplyAttribute.tests.ps1" executed="True" result="Success" success="True" time="0.0068" asserts="0" description="D:\a\1\s\PowerShell\JumpCloud Module\Tests\Public\Radius\Remove-JCRadiusReplyAttribute.tests.ps1">
        <results />
      </test-suite>
      <test-suite type="TestFixture" name="D:\a\1\s\PowerShell\JumpCloud Module\Tests\Public\Radius\Set-JCRadiusReplyAttribute.tests.ps1" executed="True" result="Success" success="True" time="0.0075" asserts="0" description="D:\a\1\s\PowerShell\JumpCloud Module\Tests\Public\Radius\Set-JCRadiusReplyAttribute.tests.ps1">
        <results />
      </test-suite>
      <test-suite type="TestFixture" name="D:\a\1\s\PowerShell\JumpCloud Module\Tests\Public\Systems\Get-JCSystem.tests.ps1" executed="True" result="Success" success="True" time="0.01" asserts="0" description="D:\a\1\s\PowerShell\JumpCloud Module\Tests\Public\Systems\Get-JCSystem.tests.ps1">
        <results />
      </test-suite>
      <test-suite type="TestFixture" name="D:\a\1\s\PowerShell\JumpCloud Module\Tests\Public\Systems\Get-JCSystemInsights.Tests.ps1" executed="True" result="Success" success="True" time="0.0114" asserts="0" description="D:\a\1\s\PowerShell\JumpCloud Module\Tests\Public\Systems\Get-JCSystemInsights.Tests.ps1">
        <results />
      </test-suite>
      <test-suite type="TestFixture" name="D:\a\1\s\PowerShell\JumpCloud Module\Tests\Public\Systems\Remove-JCSystem.tests.ps1" executed="True" result="Success" success="True" time="0.0066" asserts="0" description="D:\a\1\s\PowerShell\JumpCloud Module\Tests\Public\Systems\Remove-JCSystem.tests.ps1">
        <results />
      </test-suite>
      <test-suite type="TestFixture" name="D:\a\1\s\PowerShell\JumpCloud Module\Tests\Public\Systems\Set-JCSystem.tests.ps1" executed="True" result="Success" success="True" time="0.0069" asserts="0" description="D:\a\1\s\PowerShell\JumpCloud Module\Tests\Public\Systems\Set-JCSystem.tests.ps1">
        <results />
      </test-suite>
      <test-suite type="TestFixture" name="D:\a\1\s\PowerShell\JumpCloud Module\Tests\Public\SystemUsers\Add-JCSystemUser.tests.ps1" executed="True" result="Success" success="True" time="0.0081" asserts="0" description="D:\a\1\s\PowerShell\JumpCloud Module\Tests\Public\SystemUsers\Add-JCSystemUser.tests.ps1">
        <results />
      </test-suite>
      <test-suite type="TestFixture" name="D:\a\1\s\PowerShell\JumpCloud Module\Tests\Public\SystemUsers\Get-JCSystemUser.tests.ps1" executed="True" result="Success" success="True" time="0.0063" asserts="0" description="D:\a\1\s\PowerShell\JumpCloud Module\Tests\Public\SystemUsers\Get-JCSystemUser.tests.ps1">
        <results />
      </test-suite>
      <test-suite type="TestFixture" name="D:\a\1\s\PowerShell\JumpCloud Module\Tests\Public\SystemUsers\Remove-JCSystemUser.tests.ps1" executed="True" result="Success" success="True" time="0.0079" asserts="0" description="D:\a\1\s\PowerShell\JumpCloud Module\Tests\Public\SystemUsers\Remove-JCSystemUser.tests.ps1">
        <results />
      </test-suite>
      <test-suite type="TestFixture" name="D:\a\1\s\PowerShell\JumpCloud Module\Tests\Public\SystemUsers\Set-JCSystemUser.tests.ps1" executed="True" result="Success" success="True" time="0.0064" asserts="0" description="D:\a\1\s\PowerShell\JumpCloud Module\Tests\Public\SystemUsers\Set-JCSystemUser.tests.ps1">
        <results />
      </test-suite>
      <test-suite type="TestFixture" name="D:\a\1\s\PowerShell\JumpCloud Module\Tests\Public\Users\Get-JCUser.tests.ps1" executed="True" result="Success" success="True" time="0.014" asserts="0" description="D:\a\1\s\PowerShell\JumpCloud Module\Tests\Public\Users\Get-JCUser.tests.ps1">
        <results />
      </test-suite>
      <test-suite type="TestFixture" name="D:\a\1\s\PowerShell\JumpCloud Module\Tests\Public\Users\New-JCUser.tests.ps1" executed="True" result="Success" success="True" time="0.016" asserts="0" description="D:\a\1\s\PowerShell\JumpCloud Module\Tests\Public\Users\New-JCUser.tests.ps1">
        <results />
      </test-suite>
      <test-suite type="TestFixture" name="D:\a\1\s\PowerShell\JumpCloud Module\Tests\Public\Users\Remove-JCUser.tests.ps1" executed="True" result="Success" success="True" time="0.0072" asserts="0" description="D:\a\1\s\PowerShell\JumpCloud Module\Tests\Public\Users\Remove-JCUser.tests.ps1">
        <results />
      </test-suite>
      <test-suite type="TestFixture" name="D:\a\1\s\PowerShell\JumpCloud Module\Tests\Public\Users\Set-JCUser.tests.ps1" executed="True" result="Success" success="True" time="0.0565" asserts="0" description="D:\a\1\s\PowerShell\JumpCloud Module\Tests\Public\Users\Set-JCUser.tests.ps1">
        <results />
      </test-suite>
      <test-suite type="TestFixture" name="D:\a\1\s\PowerShell\JumpCloud Module\Tests\Public\Utilities\CSV_Import\Import-JCUsersFromCSV.tests.ps1" executed="True" result="Success" success="True" time="0.0121" asserts="0" description="D:\a\1\s\PowerShell\JumpCloud Module\Tests\Public\Utilities\CSV_Import\Import-JCUsersFromCSV.tests.ps1">
        <results />
      </test-suite>
      <test-suite type="TestFixture" name="D:\a\1\s\PowerShell\JumpCloud Module\Tests\Public\Utilities\CSV_Import\New-JCImportTemplate.tests.ps1" executed="True" result="Success" success="True" time="0.005" asserts="0" description="D:\a\1\s\PowerShell\JumpCloud Module\Tests\Public\Utilities\CSV_Import\New-JCImportTemplate.tests.ps1">
        <results />
      </test-suite>
      <test-suite type="TestFixture" name="D:\a\1\s\PowerShell\JumpCloud Module\Tests\Public\Utilities\CSV_Import\Update-JCUsersFromCSV.tests.ps1" executed="True" result="Success" success="True" time="0.013" asserts="0" description="D:\a\1\s\PowerShell\JumpCloud Module\Tests\Public\Utilities\CSV_Import\Update-JCUsersFromCSV.tests.ps1">
        <results />
      </test-suite>
      <test-suite type="TestFixture" name="D:\a\1\s\PowerShell\JumpCloud Module\Tests\Public\Utilities\Get-JCBackup.tests.ps1" executed="True" result="Success" success="True" time="0.0081" asserts="0" description="D:\a\1\s\PowerShell\JumpCloud Module\Tests\Public\Utilities\Get-JCBackup.tests.ps1">
        <results />
      </test-suite>
      <test-suite type="TestFixture" name="D:\a\1\s\PowerShell\JumpCloud Module\Tests\Public\Utilities\Send-JCPasswordReset.tests.ps1" executed="True" result="Success" success="True" time="0.0088" asserts="0" description="D:\a\1\s\PowerShell\JumpCloud Module\Tests\Public\Utilities\Send-JCPasswordReset.tests.ps1">
        <results />
      </test-suite>
    </results>
  </test-suite>
</test-results>