<?xml version="1.0" encoding="utf-8" standalone="no"?>
<test-results xmlns:xsi="http://www.w3.org/2001/XMLSchema-instance" xsi:noNamespaceSchemaLocation="nunit_schema_2.5.xsd" name="Pester" total="1" errors="0" failures="1" not-run="0" inconclusive="0" ignored="0" skipped="0" invalid="0" date="2019-05-22" time="14:14:54">
  <environment platform="Darwin" nunit-version="2.5.8.0" user-domain="" os-version="18.5.0" clr-version="Unknown" user="epanipinto" cwd="/Users/epanipinto" machine-name="MB-Panipinto.hsd1.co.comcast.net" />
  <culture-info current-culture="en-US" current-uiculture="en-US" />
  <test-suite type="TestFixture" name="Pester" executed="True" result="Failure" success="False" time="0.7514" asserts="0" description="Pester">
    <results>
      <test-suite type="TestFixture" name="/Users/epanipinto/Documents/GitHub/support/PowerShell/JumpCloud Module/Tests/Public/Association/Get-JCAssociation.Tests.ps1" executed="True" result="Failure" success="False" time="0.7514" asserts="0" description="/Users/epanipinto/Documents/GitHub/support/PowerShell/JumpCloud Module/Tests/Public/Association/Get-JCAssociation.Tests.ps1">
        <results>
          <test-suite type="TestFixture" name="Association Tests" executed="True" result="Failure" success="False" time="0.6625" asserts="0" description="Association Tests">
            <results>
              <test-suite type="TestFixture" name="Get each type of JC object association possible and build list of source and targets to test with." executed="True" result="Failure" success="False" time="0.5105" asserts="0" description="Get each type of JC object association possible and build list of source and targets to test with.">
                <results>
                  <test-case description="Error occurred in Context block" name="Association Tests.Get each type of JC object association possible and build list of source and targets to test with..Error occurred in Context block" time="0" asserts="0" success="False" result="Failure" executed="True">
                    <failure>
                      <message>The term 'Invoke-JCApi' is not recognized as the name of a cmdlet, function, script file, or operable program.
Check the spelling of the name, or if a path was included, verify that the path is correct and try again.</message>
                      <stack-trace>At /Users/epanipinto/Documents/GitHub/support/PowerShell/JumpCloud Module/Private/NestedFunctions/Get-JCObject.ps1:184 char:35</stack-trace>
                    </failure>
                  </test-case>
                </results>
              </test-suite>
            </results>
          </test-suite>
        </results>
      </test-suite>
    </results>
  </test-suite>
</test-results>